2021-07-15 09:45:26.307 [main] INFO  com.atguigu.eduservice.EduApplication - Starting EduApplication on 张帅 with PID 12560 (E:\myProject\Java\guli_parent\service\service-edu\target\classes started by 张帅 in E:\myProject\Java\guli_parent)
2021-07-15 09:45:26.314 [main] INFO  com.atguigu.eduservice.EduApplication - The following profiles are active: dev
2021-07-15 09:45:27.275 [main] INFO  o.s.d.r.config.RepositoryConfigurationDelegate - Multiple Spring Data modules found, entering strict repository configuration mode!
2021-07-15 09:45:27.277 [main] INFO  o.s.d.r.config.RepositoryConfigurationDelegate - Bootstrapping Spring Data Redis repositories in DEFAULT mode.
2021-07-15 09:45:27.310 [main] INFO  o.s.d.r.config.RepositoryConfigurationDelegate - Finished Spring Data repository scanning in 17ms. Found 0 Redis repository interfaces.
2021-07-15 09:45:27.747 [main] INFO  o.s.boot.web.embedded.tomcat.TomcatWebServer - Tomcat initialized with port(s): 8001 (http)
2021-07-15 09:45:27.755 [main] INFO  org.apache.coyote.http11.Http11NioProtocol - Initializing ProtocolHandler ["http-nio-8001"]
2021-07-15 09:45:27.756 [main] INFO  org.apache.catalina.core.StandardService - Starting service [Tomcat]
2021-07-15 09:45:27.756 [main] INFO  org.apache.catalina.core.StandardEngine - Starting Servlet engine: [Apache Tomcat/9.0.38]
2021-07-15 09:45:27.857 [main] INFO  o.a.c.core.ContainerBase.[Tomcat].[localhost].[/] - Initializing Spring embedded WebApplicationContext
2021-07-15 09:45:27.857 [main] INFO  o.s.b.w.s.c.ServletWebServerApplicationContext - Root WebApplicationContext: initialization completed in 1486 ms
2021-07-15 09:45:28.035 [main] INFO  com.zaxxer.hikari.HikariDataSource - HikariPool-1 - Starting...
2021-07-15 09:45:28.815 [main] INFO  com.zaxxer.hikari.HikariDataSource - HikariPool-1 - Start completed.
2021-07-15 09:45:29.449 [main] INFO  s.d.s.w.PropertySourcedRequestMappingHandlerMapping - Mapped URL path [/v2/api-docs] onto method [springfox.documentation.swagger2.web.Swagger2Controller#getDocumentation(String, HttpServletRequest)]
2021-07-15 09:45:29.563 [main] INFO  o.s.scheduling.concurrent.ThreadPoolTaskExecutor - Initializing ExecutorService 'applicationTaskExecutor'
2021-07-15 09:45:30.031 [main] INFO  org.apache.coyote.http11.Http11NioProtocol - Starting ProtocolHandler ["http-nio-8001"]
2021-07-15 09:45:30.050 [main] INFO  o.s.boot.web.embedded.tomcat.TomcatWebServer - Tomcat started on port(s): 8001 (http) with context path ''
2021-07-15 09:45:30.051 [main] INFO  s.d.s.web.plugins.DocumentationPluginsBootstrapper - Context refreshed
2021-07-15 09:45:30.070 [main] INFO  s.d.s.web.plugins.DocumentationPluginsBootstrapper - Found 1 custom documentation plugin(s)
2021-07-15 09:45:30.104 [main] INFO  s.d.spring.web.scanners.ApiListingReferenceScanner - Scanning for api listing references
2021-07-15 09:45:30.291 [main] INFO  com.atguigu.eduservice.EduApplication - Started EduApplication in 4.69 seconds (JVM running for 6.125)
2021-07-15 09:45:52.131 [http-nio-8001-exec-3] INFO  o.a.c.core.ContainerBase.[Tomcat].[localhost].[/] - Initializing Spring DispatcherServlet 'dispatcherServlet'
2021-07-15 09:45:52.131 [http-nio-8001-exec-3] INFO  org.springframework.web.servlet.DispatcherServlet - Initializing Servlet 'dispatcherServlet'
2021-07-15 09:45:52.137 [http-nio-8001-exec-3] INFO  org.springframework.web.servlet.DispatcherServlet - Completed initialization in 5 ms
2021-07-15 09:53:00.919 [main] INFO  com.atguigu.eduservice.EduApplication - Starting EduApplication on 张帅 with PID 5720 (E:\softwareLib\Maven\apache-maven-3.5.4\repository\org\springframework\boot\spring-boot-starter-parent\2.3.4.RELEASE\target\classes started by 张帅 in E:\myProject\Java\guli_parent)
2021-07-15 09:53:00.923 [main] INFO  com.atguigu.eduservice.EduApplication - The following profiles are active: dev
2021-07-15 09:53:01.793 [main] INFO  o.s.d.r.config.RepositoryConfigurationDelegate - Multiple Spring Data modules found, entering strict repository configuration mode!
2021-07-15 09:53:01.795 [main] INFO  o.s.d.r.config.RepositoryConfigurationDelegate - Bootstrapping Spring Data Redis repositories in DEFAULT mode.
2021-07-15 09:53:01.827 [main] INFO  o.s.d.r.config.RepositoryConfigurationDelegate - Finished Spring Data repository scanning in 18ms. Found 0 Redis repository interfaces.
2021-07-15 09:53:02.193 [main] INFO  o.s.boot.web.embedded.tomcat.TomcatWebServer - Tomcat initialized with port(s): 8001 (http)
2021-07-15 09:53:02.200 [main] INFO  org.apache.coyote.http11.Http11NioProtocol - Initializing ProtocolHandler ["http-nio-8001"]
2021-07-15 09:53:02.200 [main] INFO  org.apache.catalina.core.StandardService - Starting service [Tomcat]
2021-07-15 09:53:02.200 [main] INFO  org.apache.catalina.core.StandardEngine - Starting Servlet engine: [Apache Tomcat/9.0.38]
2021-07-15 09:53:02.285 [main] INFO  o.a.c.core.ContainerBase.[Tomcat].[localhost].[/] - Initializing Spring embedded WebApplicationContext
2021-07-15 09:53:02.286 [main] INFO  o.s.b.w.s.c.ServletWebServerApplicationContext - Root WebApplicationContext: initialization completed in 1316 ms
2021-07-15 09:53:02.432 [main] INFO  com.zaxxer.hikari.HikariDataSource - HikariPool-1 - Starting...
2021-07-15 09:53:03.039 [main] INFO  com.zaxxer.hikari.HikariDataSource - HikariPool-1 - Start completed.
2021-07-15 09:53:03.584 [main] INFO  s.d.s.w.PropertySourcedRequestMappingHandlerMapping - Mapped URL path [/v2/api-docs] onto method [springfox.documentation.swagger2.web.Swagger2Controller#getDocumentation(String, HttpServletRequest)]
2021-07-15 09:53:03.652 [main] INFO  o.s.scheduling.concurrent.ThreadPoolTaskExecutor - Initializing ExecutorService 'applicationTaskExecutor'
2021-07-15 09:53:03.999 [main] INFO  org.apache.coyote.http11.Http11NioProtocol - Starting ProtocolHandler ["http-nio-8001"]
2021-07-15 09:53:04.029 [main] INFO  o.s.scheduling.concurrent.ThreadPoolTaskExecutor - Shutting down ExecutorService 'applicationTaskExecutor'
2021-07-15 09:53:04.031 [main] INFO  com.zaxxer.hikari.HikariDataSource - HikariPool-1 - Shutdown initiated...
2021-07-15 09:53:04.035 [main] INFO  com.zaxxer.hikari.HikariDataSource - HikariPool-1 - Shutdown completed.
2021-07-15 09:53:04.037 [main] INFO  org.apache.coyote.http11.Http11NioProtocol - Pausing ProtocolHandler ["http-nio-8001"]
2021-07-15 09:53:04.037 [main] INFO  org.apache.catalina.core.StandardService - Stopping service [Tomcat]
2021-07-15 09:53:04.041 [main] INFO  org.apache.coyote.http11.Http11NioProtocol - Stopping ProtocolHandler ["http-nio-8001"]
2021-07-15 09:53:04.041 [main] INFO  org.apache.coyote.http11.Http11NioProtocol - Destroying ProtocolHandler ["http-nio-8001"]
2021-07-15 09:53:04.046 [main] INFO  o.s.b.a.l.ConditionEvaluationReportLoggingListener - 

Error starting ApplicationContext. To display the conditions report re-run your application with 'debug' enabled.
2021-07-15 09:53:56.286 [main] INFO  com.atguigu.eduservice.EduApplication - Starting EduApplication on 张帅 with PID 8124 (E:\softwareLib\Maven\apache-maven-3.5.4\repository\org\springframework\boot\spring-boot-starter-parent\2.3.4.RELEASE\target\classes started by 张帅 in E:\myProject\Java\guli_parent)
2021-07-15 09:53:56.290 [main] INFO  com.atguigu.eduservice.EduApplication - The following profiles are active: dev
2021-07-15 09:53:57.050 [main] INFO  o.s.d.r.config.RepositoryConfigurationDelegate - Multiple Spring Data modules found, entering strict repository configuration mode!
2021-07-15 09:53:57.052 [main] INFO  o.s.d.r.config.RepositoryConfigurationDelegate - Bootstrapping Spring Data Redis repositories in DEFAULT mode.
2021-07-15 09:53:57.080 [main] INFO  o.s.d.r.config.RepositoryConfigurationDelegate - Finished Spring Data repository scanning in 17ms. Found 0 Redis repository interfaces.
2021-07-15 09:53:57.445 [main] INFO  o.s.boot.web.embedded.tomcat.TomcatWebServer - Tomcat initialized with port(s): 8001 (http)
2021-07-15 09:53:57.452 [main] INFO  org.apache.coyote.http11.Http11NioProtocol - Initializing ProtocolHandler ["http-nio-8001"]
2021-07-15 09:53:57.453 [main] INFO  org.apache.catalina.core.StandardService - Starting service [Tomcat]
2021-07-15 09:53:57.453 [main] INFO  org.apache.catalina.core.StandardEngine - Starting Servlet engine: [Apache Tomcat/9.0.38]
2021-07-15 09:53:57.532 [main] INFO  o.a.c.core.ContainerBase.[Tomcat].[localhost].[/] - Initializing Spring embedded WebApplicationContext
2021-07-15 09:53:57.532 [main] INFO  o.s.b.w.s.c.ServletWebServerApplicationContext - Root WebApplicationContext: initialization completed in 1194 ms
2021-07-15 09:53:57.677 [main] INFO  com.zaxxer.hikari.HikariDataSource - HikariPool-1 - Starting...
2021-07-15 09:53:58.270 [main] INFO  com.zaxxer.hikari.HikariDataSource - HikariPool-1 - Start completed.
2021-07-15 09:53:58.816 [main] INFO  s.d.s.w.PropertySourcedRequestMappingHandlerMapping - Mapped URL path [/v2/api-docs] onto method [springfox.documentation.swagger2.web.Swagger2Controller#getDocumentation(String, HttpServletRequest)]
2021-07-15 09:53:58.883 [main] INFO  o.s.scheduling.concurrent.ThreadPoolTaskExecutor - Initializing ExecutorService 'applicationTaskExecutor'
2021-07-15 09:53:59.224 [main] INFO  org.apache.coyote.http11.Http11NioProtocol - Starting ProtocolHandler ["http-nio-8001"]
2021-07-15 09:53:59.240 [main] INFO  o.s.scheduling.concurrent.ThreadPoolTaskExecutor - Shutting down ExecutorService 'applicationTaskExecutor'
2021-07-15 09:53:59.242 [main] INFO  com.zaxxer.hikari.HikariDataSource - HikariPool-1 - Shutdown initiated...
2021-07-15 09:53:59.245 [main] INFO  com.zaxxer.hikari.HikariDataSource - HikariPool-1 - Shutdown completed.
2021-07-15 09:53:59.247 [main] INFO  org.apache.coyote.http11.Http11NioProtocol - Pausing ProtocolHandler ["http-nio-8001"]
2021-07-15 09:53:59.247 [main] INFO  org.apache.catalina.core.StandardService - Stopping service [Tomcat]
2021-07-15 09:53:59.250 [main] INFO  org.apache.coyote.http11.Http11NioProtocol - Stopping ProtocolHandler ["http-nio-8001"]
2021-07-15 09:53:59.250 [main] INFO  org.apache.coyote.http11.Http11NioProtocol - Destroying ProtocolHandler ["http-nio-8001"]
2021-07-15 09:53:59.255 [main] INFO  o.s.b.a.l.ConditionEvaluationReportLoggingListener - 

Error starting ApplicationContext. To display the conditions report re-run your application with 'debug' enabled.
2021-07-15 10:00:44.307 [main] INFO  com.atguigu.eduservice.EduApplication - Starting EduApplication on 张帅 with PID 7132 (E:\myProject\Java\guli_parent\service\service-edu\target\classes started by 张帅 in E:\myProject\Java\guli_parent)
2021-07-15 10:00:44.310 [main] INFO  com.atguigu.eduservice.EduApplication - The following profiles are active: dev
2021-07-15 10:00:45.115 [main] INFO  o.s.d.r.config.RepositoryConfigurationDelegate - Multiple Spring Data modules found, entering strict repository configuration mode!
2021-07-15 10:00:45.117 [main] INFO  o.s.d.r.config.RepositoryConfigurationDelegate - Bootstrapping Spring Data Redis repositories in DEFAULT mode.
2021-07-15 10:00:45.144 [main] INFO  o.s.d.r.config.RepositoryConfigurationDelegate - Finished Spring Data repository scanning in 16ms. Found 0 Redis repository interfaces.
2021-07-15 10:00:45.501 [main] INFO  o.s.boot.web.embedded.tomcat.TomcatWebServer - Tomcat initialized with port(s): 8001 (http)
2021-07-15 10:00:45.508 [main] INFO  org.apache.coyote.http11.Http11NioProtocol - Initializing ProtocolHandler ["http-nio-8001"]
2021-07-15 10:00:45.509 [main] INFO  org.apache.catalina.core.StandardService - Starting service [Tomcat]
2021-07-15 10:00:45.509 [main] INFO  org.apache.catalina.core.StandardEngine - Starting Servlet engine: [Apache Tomcat/9.0.38]
2021-07-15 10:00:45.594 [main] INFO  o.a.c.core.ContainerBase.[Tomcat].[localhost].[/] - Initializing Spring embedded WebApplicationContext
2021-07-15 10:00:45.595 [main] INFO  o.s.b.w.s.c.ServletWebServerApplicationContext - Root WebApplicationContext: initialization completed in 1250 ms
2021-07-15 10:00:45.736 [main] INFO  com.zaxxer.hikari.HikariDataSource - HikariPool-1 - Starting...
2021-07-15 10:00:46.330 [main] INFO  com.zaxxer.hikari.HikariDataSource - HikariPool-1 - Start completed.
2021-07-15 10:00:46.879 [main] INFO  s.d.s.w.PropertySourcedRequestMappingHandlerMapping - Mapped URL path [/v2/api-docs] onto method [springfox.documentation.swagger2.web.Swagger2Controller#getDocumentation(String, HttpServletRequest)]
2021-07-15 10:00:46.946 [main] INFO  o.s.scheduling.concurrent.ThreadPoolTaskExecutor - Initializing ExecutorService 'applicationTaskExecutor'
2021-07-15 10:00:47.285 [main] INFO  org.apache.coyote.http11.Http11NioProtocol - Starting ProtocolHandler ["http-nio-8001"]
2021-07-15 10:00:47.300 [main] INFO  o.s.boot.web.embedded.tomcat.TomcatWebServer - Tomcat started on port(s): 8001 (http) with context path ''
2021-07-15 10:00:47.301 [main] INFO  s.d.s.web.plugins.DocumentationPluginsBootstrapper - Context refreshed
2021-07-15 10:00:47.311 [main] INFO  s.d.s.web.plugins.DocumentationPluginsBootstrapper - Found 1 custom documentation plugin(s)
2021-07-15 10:00:47.337 [main] INFO  s.d.spring.web.scanners.ApiListingReferenceScanner - Scanning for api listing references
2021-07-15 10:00:47.494 [main] INFO  com.atguigu.eduservice.EduApplication - Started EduApplication in 3.641 seconds (JVM running for 4.565)
2021-07-15 10:00:56.452 [http-nio-8001-exec-4] INFO  o.a.c.core.ContainerBase.[Tomcat].[localhost].[/] - Initializing Spring DispatcherServlet 'dispatcherServlet'
2021-07-15 10:00:56.453 [http-nio-8001-exec-4] INFO  org.springframework.web.servlet.DispatcherServlet - Initializing Servlet 'dispatcherServlet'
2021-07-15 10:00:56.457 [http-nio-8001-exec-4] INFO  org.springframework.web.servlet.DispatcherServlet - Completed initialization in 4 ms
2021-07-15 10:02:16.799 [main] INFO  com.atguigu.eduservice.EduApplication - Starting EduApplication on 张帅 with PID 9756 (E:\myProject\Java\guli_parent\service\service-edu\target\classes started by 张帅 in E:\myProject\Java\guli_parent)
2021-07-15 10:02:16.802 [main] INFO  com.atguigu.eduservice.EduApplication - The following profiles are active: dev
2021-07-15 10:02:17.621 [main] INFO  o.s.d.r.config.RepositoryConfigurationDelegate - Multiple Spring Data modules found, entering strict repository configuration mode!
2021-07-15 10:02:17.622 [main] INFO  o.s.d.r.config.RepositoryConfigurationDelegate - Bootstrapping Spring Data Redis repositories in DEFAULT mode.
2021-07-15 10:02:17.648 [main] INFO  o.s.d.r.config.RepositoryConfigurationDelegate - Finished Spring Data repository scanning in 15ms. Found 0 Redis repository interfaces.
2021-07-15 10:02:18.003 [main] INFO  o.s.boot.web.embedded.tomcat.TomcatWebServer - Tomcat initialized with port(s): 8001 (http)
2021-07-15 10:02:18.010 [main] INFO  org.apache.coyote.http11.Http11NioProtocol - Initializing ProtocolHandler ["http-nio-8001"]
2021-07-15 10:02:18.011 [main] INFO  org.apache.catalina.core.StandardService - Starting service [Tomcat]
2021-07-15 10:02:18.011 [main] INFO  org.apache.catalina.core.StandardEngine - Starting Servlet engine: [Apache Tomcat/9.0.38]
2021-07-15 10:02:18.098 [main] INFO  o.a.c.core.ContainerBase.[Tomcat].[localhost].[/] - Initializing Spring embedded WebApplicationContext
2021-07-15 10:02:18.098 [main] INFO  o.s.b.w.s.c.ServletWebServerApplicationContext - Root WebApplicationContext: initialization completed in 1250 ms
2021-07-15 10:02:18.244 [main] INFO  com.zaxxer.hikari.HikariDataSource - HikariPool-1 - Starting...
2021-07-15 10:02:18.901 [main] INFO  com.zaxxer.hikari.HikariDataSource - HikariPool-1 - Start completed.
2021-07-15 10:02:19.441 [main] INFO  s.d.s.w.PropertySourcedRequestMappingHandlerMapping - Mapped URL path [/v2/api-docs] onto method [springfox.documentation.swagger2.web.Swagger2Controller#getDocumentation(String, HttpServletRequest)]
2021-07-15 10:02:19.508 [main] INFO  o.s.scheduling.concurrent.ThreadPoolTaskExecutor - Initializing ExecutorService 'applicationTaskExecutor'
2021-07-15 10:02:19.850 [main] INFO  org.apache.coyote.http11.Http11NioProtocol - Starting ProtocolHandler ["http-nio-8001"]
2021-07-15 10:02:19.865 [main] INFO  o.s.boot.web.embedded.tomcat.TomcatWebServer - Tomcat started on port(s): 8001 (http) with context path ''
2021-07-15 10:02:19.866 [main] INFO  s.d.s.web.plugins.DocumentationPluginsBootstrapper - Context refreshed
2021-07-15 10:02:19.876 [main] INFO  s.d.s.web.plugins.DocumentationPluginsBootstrapper - Found 1 custom documentation plugin(s)
2021-07-15 10:02:19.902 [main] INFO  s.d.spring.web.scanners.ApiListingReferenceScanner - Scanning for api listing references
2021-07-15 10:02:20.062 [main] INFO  com.atguigu.eduservice.EduApplication - Started EduApplication in 3.62 seconds (JVM running for 4.462)
2021-07-15 10:02:24.735 [http-nio-8001-exec-1] INFO  o.a.c.core.ContainerBase.[Tomcat].[localhost].[/] - Initializing Spring DispatcherServlet 'dispatcherServlet'
2021-07-15 10:02:24.735 [http-nio-8001-exec-1] INFO  org.springframework.web.servlet.DispatcherServlet - Initializing Servlet 'dispatcherServlet'
2021-07-15 10:02:24.740 [http-nio-8001-exec-1] INFO  org.springframework.web.servlet.DispatcherServlet - Completed initialization in 5 ms
2021-07-15 10:03:43.808 [main] INFO  com.atguigu.eduservice.EduApplication - Starting EduApplication on 张帅 with PID 13892 (E:\myProject\Java\guli_parent\service\service-edu\target\classes started by 张帅 in E:\myProject\Java\guli_parent)
2021-07-15 10:03:43.813 [main] INFO  com.atguigu.eduservice.EduApplication - The following profiles are active: dev
2021-07-15 10:03:44.581 [main] INFO  o.s.d.r.config.RepositoryConfigurationDelegate - Multiple Spring Data modules found, entering strict repository configuration mode!
2021-07-15 10:03:44.582 [main] INFO  o.s.d.r.config.RepositoryConfigurationDelegate - Bootstrapping Spring Data Redis repositories in DEFAULT mode.
2021-07-15 10:03:44.609 [main] INFO  o.s.d.r.config.RepositoryConfigurationDelegate - Finished Spring Data repository scanning in 16ms. Found 0 Redis repository interfaces.
2021-07-15 10:03:44.964 [main] INFO  o.s.boot.web.embedded.tomcat.TomcatWebServer - Tomcat initialized with port(s): 8001 (http)
2021-07-15 10:03:44.976 [main] INFO  org.apache.coyote.http11.Http11NioProtocol - Initializing ProtocolHandler ["http-nio-8001"]
2021-07-15 10:03:44.977 [main] INFO  org.apache.catalina.core.StandardService - Starting service [Tomcat]
2021-07-15 10:03:44.977 [main] INFO  org.apache.catalina.core.StandardEngine - Starting Servlet engine: [Apache Tomcat/9.0.38]
2021-07-15 10:03:45.056 [main] INFO  o.a.c.core.ContainerBase.[Tomcat].[localhost].[/] - Initializing Spring embedded WebApplicationContext
2021-07-15 10:03:45.056 [main] INFO  o.s.b.w.s.c.ServletWebServerApplicationContext - Root WebApplicationContext: initialization completed in 1199 ms
2021-07-15 10:03:45.201 [main] INFO  com.zaxxer.hikari.HikariDataSource - HikariPool-1 - Starting...
2021-07-15 10:03:45.772 [main] INFO  com.zaxxer.hikari.HikariDataSource - HikariPool-1 - Start completed.
2021-07-15 10:03:46.353 [main] INFO  s.d.s.w.PropertySourcedRequestMappingHandlerMapping - Mapped URL path [/v2/api-docs] onto method [springfox.documentation.swagger2.web.Swagger2Controller#getDocumentation(String, HttpServletRequest)]
2021-07-15 10:03:46.420 [main] INFO  o.s.scheduling.concurrent.ThreadPoolTaskExecutor - Initializing ExecutorService 'applicationTaskExecutor'
2021-07-15 10:03:46.760 [main] INFO  org.apache.coyote.http11.Http11NioProtocol - Starting ProtocolHandler ["http-nio-8001"]
2021-07-15 10:03:46.784 [main] INFO  o.s.boot.web.embedded.tomcat.TomcatWebServer - Tomcat started on port(s): 8001 (http) with context path ''
2021-07-15 10:03:46.785 [main] INFO  s.d.s.web.plugins.DocumentationPluginsBootstrapper - Context refreshed
2021-07-15 10:03:46.795 [main] INFO  s.d.s.web.plugins.DocumentationPluginsBootstrapper - Found 1 custom documentation plugin(s)
2021-07-15 10:03:46.821 [main] INFO  s.d.spring.web.scanners.ApiListingReferenceScanner - Scanning for api listing references
2021-07-15 10:03:46.973 [main] INFO  com.atguigu.eduservice.EduApplication - Started EduApplication in 3.55 seconds (JVM running for 4.331)
2021-07-15 10:03:52.105 [http-nio-8001-exec-1] INFO  o.a.c.core.ContainerBase.[Tomcat].[localhost].[/] - Initializing Spring DispatcherServlet 'dispatcherServlet'
2021-07-15 10:03:52.105 [http-nio-8001-exec-1] INFO  org.springframework.web.servlet.DispatcherServlet - Initializing Servlet 'dispatcherServlet'
2021-07-15 10:03:52.110 [http-nio-8001-exec-1] INFO  org.springframework.web.servlet.DispatcherServlet - Completed initialization in 5 ms
2021-07-15 11:02:32.752 [main] INFO  com.atguigu.eduservice.EduApplication - Starting EduApplication on 张帅 with PID 668 (E:\myProject\Java\guli_parent\service\service-edu\target\classes started by 张帅 in E:\myProject\Java\guli_parent)
2021-07-15 11:02:32.757 [main] INFO  com.atguigu.eduservice.EduApplication - The following profiles are active: dev
2021-07-15 11:02:33.720 [main] INFO  o.s.d.r.config.RepositoryConfigurationDelegate - Multiple Spring Data modules found, entering strict repository configuration mode!
2021-07-15 11:02:33.721 [main] INFO  o.s.d.r.config.RepositoryConfigurationDelegate - Bootstrapping Spring Data Redis repositories in DEFAULT mode.
2021-07-15 11:02:33.751 [main] INFO  o.s.d.r.config.RepositoryConfigurationDelegate - Finished Spring Data repository scanning in 18ms. Found 0 Redis repository interfaces.
2021-07-15 11:02:34.149 [main] INFO  o.s.boot.web.embedded.tomcat.TomcatWebServer - Tomcat initialized with port(s): 8001 (http)
2021-07-15 11:02:34.158 [main] INFO  org.apache.coyote.http11.Http11NioProtocol - Initializing ProtocolHandler ["http-nio-8001"]
2021-07-15 11:02:34.158 [main] INFO  org.apache.catalina.core.StandardService - Starting service [Tomcat]
2021-07-15 11:02:34.159 [main] INFO  org.apache.catalina.core.StandardEngine - Starting Servlet engine: [Apache Tomcat/9.0.38]
2021-07-15 11:02:34.256 [main] INFO  o.a.c.core.ContainerBase.[Tomcat].[localhost].[/] - Initializing Spring embedded WebApplicationContext
2021-07-15 11:02:34.256 [main] INFO  o.s.b.w.s.c.ServletWebServerApplicationContext - Root WebApplicationContext: initialization completed in 1443 ms
2021-07-15 11:02:34.423 [main] INFO  com.zaxxer.hikari.HikariDataSource - HikariPool-1 - Starting...
2021-07-15 11:02:35.054 [main] INFO  com.zaxxer.hikari.HikariDataSource - HikariPool-1 - Start completed.
2021-07-15 11:02:35.635 [main] INFO  com.zaxxer.hikari.HikariDataSource - HikariPool-1 - Shutdown initiated...
2021-07-15 11:02:35.638 [main] INFO  com.zaxxer.hikari.HikariDataSource - HikariPool-1 - Shutdown completed.
2021-07-15 11:02:35.640 [main] INFO  org.apache.catalina.core.StandardService - Stopping service [Tomcat]
2021-07-15 11:02:35.649 [main] INFO  o.s.b.a.l.ConditionEvaluationReportLoggingListener - 

Error starting ApplicationContext. To display the conditions report re-run your application with 'debug' enabled.
2021-07-15 11:04:29.777 [main] INFO  com.atguigu.eduservice.EduApplication - Starting EduApplication on 张帅 with PID 268 (E:\myProject\Java\guli_parent\service\service-edu\target\classes started by 张帅 in E:\myProject\Java\guli_parent)
2021-07-15 11:04:29.781 [main] INFO  com.atguigu.eduservice.EduApplication - The following profiles are active: dev
2021-07-15 11:04:30.535 [main] INFO  o.s.d.r.config.RepositoryConfigurationDelegate - Multiple Spring Data modules found, entering strict repository configuration mode!
2021-07-15 11:04:30.537 [main] INFO  o.s.d.r.config.RepositoryConfigurationDelegate - Bootstrapping Spring Data Redis repositories in DEFAULT mode.
2021-07-15 11:04:30.563 [main] INFO  o.s.d.r.config.RepositoryConfigurationDelegate - Finished Spring Data repository scanning in 15ms. Found 0 Redis repository interfaces.
2021-07-15 11:04:30.918 [main] INFO  o.s.boot.web.embedded.tomcat.TomcatWebServer - Tomcat initialized with port(s): 8001 (http)
2021-07-15 11:04:30.931 [main] INFO  org.apache.coyote.http11.Http11NioProtocol - Initializing ProtocolHandler ["http-nio-8001"]
2021-07-15 11:04:30.932 [main] INFO  org.apache.catalina.core.StandardService - Starting service [Tomcat]
2021-07-15 11:04:30.932 [main] INFO  org.apache.catalina.core.StandardEngine - Starting Servlet engine: [Apache Tomcat/9.0.38]
2021-07-15 11:04:31.011 [main] INFO  o.a.c.core.ContainerBase.[Tomcat].[localhost].[/] - Initializing Spring embedded WebApplicationContext
2021-07-15 11:04:31.012 [main] INFO  o.s.b.w.s.c.ServletWebServerApplicationContext - Root WebApplicationContext: initialization completed in 1187 ms
2021-07-15 11:04:31.157 [main] INFO  com.zaxxer.hikari.HikariDataSource - HikariPool-1 - Starting...
2021-07-15 11:04:31.731 [main] INFO  com.zaxxer.hikari.HikariDataSource - HikariPool-1 - Start completed.
2021-07-15 11:04:32.248 [main] INFO  com.zaxxer.hikari.HikariDataSource - HikariPool-1 - Shutdown initiated...
2021-07-15 11:04:32.251 [main] INFO  com.zaxxer.hikari.HikariDataSource - HikariPool-1 - Shutdown completed.
2021-07-15 11:04:32.253 [main] INFO  org.apache.catalina.core.StandardService - Stopping service [Tomcat]
2021-07-15 11:04:32.263 [main] INFO  o.s.b.a.l.ConditionEvaluationReportLoggingListener - 

Error starting ApplicationContext. To display the conditions report re-run your application with 'debug' enabled.
2021-07-15 11:08:31.678 [main] INFO  com.atguigu.eduservice.EduApplication - Starting EduApplication on 张帅 with PID 3972 (E:\myProject\Java\guli_parent\service\service-edu\target\classes started by 张帅 in E:\myProject\Java\guli_parent)
2021-07-15 11:08:31.681 [main] INFO  com.atguigu.eduservice.EduApplication - The following profiles are active: dev
2021-07-15 11:08:32.450 [main] INFO  o.s.d.r.config.RepositoryConfigurationDelegate - Multiple Spring Data modules found, entering strict repository configuration mode!
2021-07-15 11:08:32.452 [main] INFO  o.s.d.r.config.RepositoryConfigurationDelegate - Bootstrapping Spring Data Redis repositories in DEFAULT mode.
2021-07-15 11:08:32.478 [main] INFO  o.s.d.r.config.RepositoryConfigurationDelegate - Finished Spring Data repository scanning in 15ms. Found 0 Redis repository interfaces.
2021-07-15 11:08:32.843 [main] INFO  o.s.boot.web.embedded.tomcat.TomcatWebServer - Tomcat initialized with port(s): 8001 (http)
2021-07-15 11:08:32.849 [main] INFO  org.apache.coyote.http11.Http11NioProtocol - Initializing ProtocolHandler ["http-nio-8001"]
2021-07-15 11:08:32.850 [main] INFO  org.apache.catalina.core.StandardService - Starting service [Tomcat]
2021-07-15 11:08:32.850 [main] INFO  org.apache.catalina.core.StandardEngine - Starting Servlet engine: [Apache Tomcat/9.0.38]
2021-07-15 11:08:32.930 [main] INFO  o.a.c.core.ContainerBase.[Tomcat].[localhost].[/] - Initializing Spring embedded WebApplicationContext
2021-07-15 11:08:32.931 [main] INFO  o.s.b.w.s.c.ServletWebServerApplicationContext - Root WebApplicationContext: initialization completed in 1199 ms
2021-07-15 11:08:33.078 [main] INFO  com.zaxxer.hikari.HikariDataSource - HikariPool-1 - Starting...
2021-07-15 11:08:33.681 [main] INFO  com.zaxxer.hikari.HikariDataSource - HikariPool-1 - Start completed.
2021-07-15 11:08:34.250 [main] INFO  s.d.s.w.PropertySourcedRequestMappingHandlerMapping - Mapped URL path [/v2/api-docs] onto method [springfox.documentation.swagger2.web.Swagger2Controller#getDocumentation(String, HttpServletRequest)]
2021-07-15 11:08:34.317 [main] INFO  o.s.scheduling.concurrent.ThreadPoolTaskExecutor - Initializing ExecutorService 'applicationTaskExecutor'
2021-07-15 11:08:34.666 [main] INFO  org.apache.coyote.http11.Http11NioProtocol - Starting ProtocolHandler ["http-nio-8001"]
2021-07-15 11:08:34.682 [main] INFO  o.s.boot.web.embedded.tomcat.TomcatWebServer - Tomcat started on port(s): 8001 (http) with context path ''
2021-07-15 11:08:34.683 [main] INFO  s.d.s.web.plugins.DocumentationPluginsBootstrapper - Context refreshed
2021-07-15 11:08:34.694 [main] INFO  s.d.s.web.plugins.DocumentationPluginsBootstrapper - Found 1 custom documentation plugin(s)
2021-07-15 11:08:34.719 [main] INFO  s.d.spring.web.scanners.ApiListingReferenceScanner - Scanning for api listing references
2021-07-15 11:08:34.874 [main] INFO  com.atguigu.eduservice.EduApplication - Started EduApplication in 3.558 seconds (JVM running for 4.363)
2021-07-15 11:08:57.461 [main] INFO  com.atguigu.oss.OssApplication - Starting OssApplication on 张帅 with PID 4300 (E:\myProject\Java\guli_parent\service\service-oss\target\classes started by 张帅 in E:\myProject\Java\guli_parent)
2021-07-15 11:08:57.463 [main] INFO  com.atguigu.oss.OssApplication - The following profiles are active: dev
2021-07-15 11:08:58.208 [main] INFO  o.s.d.r.config.RepositoryConfigurationDelegate - Multiple Spring Data modules found, entering strict repository configuration mode!
2021-07-15 11:08:58.210 [main] INFO  o.s.d.r.config.RepositoryConfigurationDelegate - Bootstrapping Spring Data Redis repositories in DEFAULT mode.
2021-07-15 11:08:58.234 [main] INFO  o.s.d.r.config.RepositoryConfigurationDelegate - Finished Spring Data repository scanning in 11ms. Found 0 Redis repository interfaces.
2021-07-15 11:08:58.542 [main] INFO  o.s.boot.web.embedded.tomcat.TomcatWebServer - Tomcat initialized with port(s): 8002 (http)
2021-07-15 11:08:58.549 [main] INFO  org.apache.coyote.http11.Http11NioProtocol - Initializing ProtocolHandler ["http-nio-8002"]
2021-07-15 11:08:58.550 [main] INFO  org.apache.catalina.core.StandardService - Starting service [Tomcat]
2021-07-15 11:08:58.551 [main] INFO  org.apache.catalina.core.StandardEngine - Starting Servlet engine: [Apache Tomcat/9.0.38]
2021-07-15 11:08:58.649 [main] INFO  o.a.c.core.ContainerBase.[Tomcat].[localhost].[/] - Initializing Spring embedded WebApplicationContext
2021-07-15 11:08:58.650 [main] INFO  o.s.b.w.s.c.ServletWebServerApplicationContext - Root WebApplicationContext: initialization completed in 1142 ms
2021-07-15 11:08:58.933 [main] INFO  s.d.s.w.PropertySourcedRequestMappingHandlerMapping - Mapped URL path [/v2/api-docs] onto method [springfox.documentation.swagger2.web.Swagger2Controller#getDocumentation(String, HttpServletRequest)]
2021-07-15 11:08:59.004 [main] INFO  o.s.scheduling.concurrent.ThreadPoolTaskExecutor - Initializing ExecutorService 'applicationTaskExecutor'
2021-07-15 11:08:59.391 [main] INFO  org.apache.coyote.http11.Http11NioProtocol - Starting ProtocolHandler ["http-nio-8002"]
2021-07-15 11:08:59.406 [main] INFO  o.s.boot.web.embedded.tomcat.TomcatWebServer - Tomcat started on port(s): 8002 (http) with context path ''
2021-07-15 11:08:59.407 [main] INFO  s.d.s.web.plugins.DocumentationPluginsBootstrapper - Context refreshed
2021-07-15 11:08:59.418 [main] INFO  s.d.s.web.plugins.DocumentationPluginsBootstrapper - Found 1 custom documentation plugin(s)
2021-07-15 11:08:59.445 [main] INFO  s.d.spring.web.scanners.ApiListingReferenceScanner - Scanning for api listing references
2021-07-15 11:08:59.533 [main] INFO  com.atguigu.oss.OssApplication - Started OssApplication in 2.459 seconds (JVM running for 3.302)
2021-07-15 11:10:25.816 [http-nio-8001-exec-1] INFO  o.a.c.core.ContainerBase.[Tomcat].[localhost].[/] - Initializing Spring DispatcherServlet 'dispatcherServlet'
2021-07-15 11:10:25.817 [http-nio-8001-exec-1] INFO  org.springframework.web.servlet.DispatcherServlet - Initializing Servlet 'dispatcherServlet'
2021-07-15 11:10:25.821 [http-nio-8001-exec-1] INFO  org.springframework.web.servlet.DispatcherServlet - Completed initialization in 4 ms
2021-07-15 11:28:52.809 [main] INFO  com.atguigu.oss.OssApplication - Starting OssApplication on 张帅 with PID 13776 (E:\myProject\Java\guli_parent\service\service-oss\target\classes started by 张帅 in E:\myProject\Java\guli_parent)
2021-07-15 11:28:52.815 [main] INFO  com.atguigu.oss.OssApplication - The following profiles are active: dev
2021-07-15 11:28:53.627 [main] INFO  o.s.d.r.config.RepositoryConfigurationDelegate - Multiple Spring Data modules found, entering strict repository configuration mode!
2021-07-15 11:28:53.631 [main] INFO  o.s.d.r.config.RepositoryConfigurationDelegate - Bootstrapping Spring Data Redis repositories in DEFAULT mode.
2021-07-15 11:28:53.663 [main] INFO  o.s.d.r.config.RepositoryConfigurationDelegate - Finished Spring Data repository scanning in 14ms. Found 0 Redis repository interfaces.
2021-07-15 11:28:53.995 [main] INFO  o.s.boot.web.embedded.tomcat.TomcatWebServer - Tomcat initialized with port(s): 8002 (http)
2021-07-15 11:28:54.002 [main] INFO  org.apache.coyote.http11.Http11NioProtocol - Initializing ProtocolHandler ["http-nio-8002"]
2021-07-15 11:28:54.003 [main] INFO  org.apache.catalina.core.StandardService - Starting service [Tomcat]
2021-07-15 11:28:54.003 [main] INFO  org.apache.catalina.core.StandardEngine - Starting Servlet engine: [Apache Tomcat/9.0.38]
2021-07-15 11:28:54.092 [main] INFO  o.a.c.core.ContainerBase.[Tomcat].[localhost].[/] - Initializing Spring embedded WebApplicationContext
2021-07-15 11:28:54.092 [main] INFO  o.s.b.w.s.c.ServletWebServerApplicationContext - Root WebApplicationContext: initialization completed in 1226 ms
2021-07-15 11:28:54.378 [main] INFO  s.d.s.w.PropertySourcedRequestMappingHandlerMapping - Mapped URL path [/v2/api-docs] onto method [springfox.documentation.swagger2.web.Swagger2Controller#getDocumentation(String, HttpServletRequest)]
2021-07-15 11:28:54.447 [main] INFO  o.s.scheduling.concurrent.ThreadPoolTaskExecutor - Initializing ExecutorService 'applicationTaskExecutor'
2021-07-15 11:28:54.831 [main] INFO  org.apache.coyote.http11.Http11NioProtocol - Starting ProtocolHandler ["http-nio-8002"]
2021-07-15 11:28:54.847 [main] INFO  o.s.boot.web.embedded.tomcat.TomcatWebServer - Tomcat started on port(s): 8002 (http) with context path ''
2021-07-15 11:28:54.848 [main] INFO  s.d.s.web.plugins.DocumentationPluginsBootstrapper - Context refreshed
2021-07-15 11:28:54.861 [main] INFO  s.d.s.web.plugins.DocumentationPluginsBootstrapper - Found 1 custom documentation plugin(s)
2021-07-15 11:28:54.887 [main] INFO  s.d.spring.web.scanners.ApiListingReferenceScanner - Scanning for api listing references
2021-07-15 11:28:54.978 [main] INFO  com.atguigu.oss.OssApplication - Started OssApplication in 2.528 seconds (JVM running for 3.44)
2021-07-15 14:16:54.686 [main] INFO  com.atguigu.eduservice.EduApplication - Starting EduApplication on 张帅 with PID 6904 (E:\myProject\Java\guli_parent\service\service-edu\target\classes started by 张帅 in E:\myProject\Java\guli_parent)
2021-07-15 14:16:54.691 [main] INFO  com.atguigu.eduservice.EduApplication - The following profiles are active: dev
2021-07-15 14:16:55.470 [main] INFO  o.s.d.r.config.RepositoryConfigurationDelegate - Multiple Spring Data modules found, entering strict repository configuration mode!
2021-07-15 14:16:55.472 [main] INFO  o.s.d.r.config.RepositoryConfigurationDelegate - Bootstrapping Spring Data Redis repositories in DEFAULT mode.
2021-07-15 14:16:55.498 [main] INFO  o.s.d.r.config.RepositoryConfigurationDelegate - Finished Spring Data repository scanning in 15ms. Found 0 Redis repository interfaces.
2021-07-15 14:16:55.857 [main] INFO  o.s.boot.web.embedded.tomcat.TomcatWebServer - Tomcat initialized with port(s): 8001 (http)
2021-07-15 14:16:55.870 [main] INFO  org.apache.coyote.http11.Http11NioProtocol - Initializing ProtocolHandler ["http-nio-8001"]
2021-07-15 14:16:55.871 [main] INFO  org.apache.catalina.core.StandardService - Starting service [Tomcat]
2021-07-15 14:16:55.871 [main] INFO  org.apache.catalina.core.StandardEngine - Starting Servlet engine: [Apache Tomcat/9.0.38]
2021-07-15 14:16:55.952 [main] INFO  o.a.c.core.ContainerBase.[Tomcat].[localhost].[/] - Initializing Spring embedded WebApplicationContext
2021-07-15 14:16:55.952 [main] INFO  o.s.b.w.s.c.ServletWebServerApplicationContext - Root WebApplicationContext: initialization completed in 1219 ms
2021-07-15 14:16:56.102 [main] INFO  com.zaxxer.hikari.HikariDataSource - HikariPool-1 - Starting...
2021-07-15 14:16:56.687 [main] INFO  com.zaxxer.hikari.HikariDataSource - HikariPool-1 - Start completed.
2021-07-15 14:16:57.255 [main] INFO  s.d.s.w.PropertySourcedRequestMappingHandlerMapping - Mapped URL path [/v2/api-docs] onto method [springfox.documentation.swagger2.web.Swagger2Controller#getDocumentation(String, HttpServletRequest)]
2021-07-15 14:16:57.322 [main] INFO  o.s.scheduling.concurrent.ThreadPoolTaskExecutor - Initializing ExecutorService 'applicationTaskExecutor'
2021-07-15 14:16:57.669 [main] INFO  org.apache.coyote.http11.Http11NioProtocol - Starting ProtocolHandler ["http-nio-8001"]
2021-07-15 14:16:57.685 [main] INFO  o.s.boot.web.embedded.tomcat.TomcatWebServer - Tomcat started on port(s): 8001 (http) with context path ''
2021-07-15 14:16:57.686 [main] INFO  s.d.s.web.plugins.DocumentationPluginsBootstrapper - Context refreshed
2021-07-15 14:16:57.698 [main] INFO  s.d.s.web.plugins.DocumentationPluginsBootstrapper - Found 1 custom documentation plugin(s)
2021-07-15 14:16:57.734 [main] INFO  s.d.spring.web.scanners.ApiListingReferenceScanner - Scanning for api listing references
2021-07-15 14:16:57.905 [main] INFO  com.atguigu.eduservice.EduApplication - Started EduApplication in 3.604 seconds (JVM running for 4.429)
2021-07-15 14:17:06.444 [http-nio-8001-exec-1] INFO  o.a.c.core.ContainerBase.[Tomcat].[localhost].[/] - Initializing Spring DispatcherServlet 'dispatcherServlet'
2021-07-15 14:17:06.444 [http-nio-8001-exec-1] INFO  org.springframework.web.servlet.DispatcherServlet - Initializing Servlet 'dispatcherServlet'
2021-07-15 14:17:06.449 [http-nio-8001-exec-1] INFO  org.springframework.web.servlet.DispatcherServlet - Completed initialization in 4 ms
2021-07-15 14:56:18.488 [main] INFO  com.atguigu.eduservice.EduApplication - Starting EduApplication on 张帅 with PID 932 (E:\myProject\Java\guli_parent\service\service-edu\target\classes started by 张帅 in E:\myProject\Java\guli_parent)
2021-07-15 14:56:18.493 [main] INFO  com.atguigu.eduservice.EduApplication - The following profiles are active: dev
2021-07-15 14:56:19.430 [main] INFO  o.s.d.r.config.RepositoryConfigurationDelegate - Multiple Spring Data modules found, entering strict repository configuration mode!
2021-07-15 14:56:19.432 [main] INFO  o.s.d.r.config.RepositoryConfigurationDelegate - Bootstrapping Spring Data Redis repositories in DEFAULT mode.
2021-07-15 14:56:19.460 [main] INFO  o.s.d.r.config.RepositoryConfigurationDelegate - Finished Spring Data repository scanning in 16ms. Found 0 Redis repository interfaces.
2021-07-15 14:56:19.840 [main] INFO  o.s.boot.web.embedded.tomcat.TomcatWebServer - Tomcat initialized with port(s): 8001 (http)
2021-07-15 14:56:19.854 [main] INFO  org.apache.coyote.http11.Http11NioProtocol - Initializing ProtocolHandler ["http-nio-8001"]
2021-07-15 14:56:19.854 [main] INFO  org.apache.catalina.core.StandardService - Starting service [Tomcat]
2021-07-15 14:56:19.855 [main] INFO  org.apache.catalina.core.StandardEngine - Starting Servlet engine: [Apache Tomcat/9.0.38]
2021-07-15 14:56:19.940 [main] INFO  o.a.c.core.ContainerBase.[Tomcat].[localhost].[/] - Initializing Spring embedded WebApplicationContext
2021-07-15 14:56:19.940 [main] INFO  o.s.b.w.s.c.ServletWebServerApplicationContext - Root WebApplicationContext: initialization completed in 1402 ms
2021-07-15 14:56:20.097 [main] INFO  com.zaxxer.hikari.HikariDataSource - HikariPool-1 - Starting...
2021-07-15 14:56:20.703 [main] INFO  com.zaxxer.hikari.HikariDataSource - HikariPool-1 - Start completed.
2021-07-15 14:56:21.311 [main] INFO  s.d.s.w.PropertySourcedRequestMappingHandlerMapping - Mapped URL path [/v2/api-docs] onto method [springfox.documentation.swagger2.web.Swagger2Controller#getDocumentation(String, HttpServletRequest)]
2021-07-15 14:56:21.382 [main] INFO  o.s.scheduling.concurrent.ThreadPoolTaskExecutor - Initializing ExecutorService 'applicationTaskExecutor'
2021-07-15 14:56:21.749 [main] INFO  org.apache.coyote.http11.Http11NioProtocol - Starting ProtocolHandler ["http-nio-8001"]
2021-07-15 14:56:21.774 [main] INFO  o.s.boot.web.embedded.tomcat.TomcatWebServer - Tomcat started on port(s): 8001 (http) with context path ''
2021-07-15 14:56:21.776 [main] INFO  s.d.s.web.plugins.DocumentationPluginsBootstrapper - Context refreshed
2021-07-15 14:56:21.786 [main] INFO  s.d.s.web.plugins.DocumentationPluginsBootstrapper - Found 1 custom documentation plugin(s)
2021-07-15 14:56:21.814 [main] INFO  s.d.spring.web.scanners.ApiListingReferenceScanner - Scanning for api listing references
2021-07-15 14:56:21.993 [main] INFO  com.atguigu.eduservice.EduApplication - Started EduApplication in 3.924 seconds (JVM running for 4.791)
2021-07-15 14:56:22.019 [http-nio-8001-exec-1] INFO  o.a.c.core.ContainerBase.[Tomcat].[localhost].[/] - Initializing Spring DispatcherServlet 'dispatcherServlet'
2021-07-15 14:56:22.020 [http-nio-8001-exec-1] INFO  org.springframework.web.servlet.DispatcherServlet - Initializing Servlet 'dispatcherServlet'
2021-07-15 14:56:22.024 [http-nio-8001-exec-1] INFO  org.springframework.web.servlet.DispatcherServlet - Completed initialization in 4 ms
2021-07-15 15:15:08.780 [main] INFO  com.atguigu.eduservice.EduApplication - Starting EduApplication on 张帅 with PID 14048 (E:\myProject\Java\guli_parent\service\service-edu\target\classes started by 张帅 in E:\myProject\Java\guli_parent)
2021-07-15 15:15:08.783 [main] INFO  com.atguigu.eduservice.EduApplication - The following profiles are active: dev
2021-07-15 15:15:09.582 [main] INFO  o.s.d.r.config.RepositoryConfigurationDelegate - Multiple Spring Data modules found, entering strict repository configuration mode!
2021-07-15 15:15:09.584 [main] INFO  o.s.d.r.config.RepositoryConfigurationDelegate - Bootstrapping Spring Data Redis repositories in DEFAULT mode.
2021-07-15 15:15:09.610 [main] INFO  o.s.d.r.config.RepositoryConfigurationDelegate - Finished Spring Data repository scanning in 15ms. Found 0 Redis repository interfaces.
2021-07-15 15:15:09.972 [main] INFO  o.s.boot.web.embedded.tomcat.TomcatWebServer - Tomcat initialized with port(s): 8001 (http)
2021-07-15 15:15:09.979 [main] INFO  org.apache.coyote.http11.Http11NioProtocol - Initializing ProtocolHandler ["http-nio-8001"]
2021-07-15 15:15:09.980 [main] INFO  org.apache.catalina.core.StandardService - Starting service [Tomcat]
2021-07-15 15:15:09.980 [main] INFO  org.apache.catalina.core.StandardEngine - Starting Servlet engine: [Apache Tomcat/9.0.38]
2021-07-15 15:15:10.071 [main] INFO  o.a.c.core.ContainerBase.[Tomcat].[localhost].[/] - Initializing Spring embedded WebApplicationContext
2021-07-15 15:15:10.071 [main] INFO  o.s.b.w.s.c.ServletWebServerApplicationContext - Root WebApplicationContext: initialization completed in 1235 ms
2021-07-15 15:15:10.218 [main] INFO  com.zaxxer.hikari.HikariDataSource - HikariPool-1 - Starting...
2021-07-15 15:15:10.829 [main] INFO  com.zaxxer.hikari.HikariDataSource - HikariPool-1 - Start completed.
2021-07-15 15:15:11.403 [main] INFO  s.d.s.w.PropertySourcedRequestMappingHandlerMapping - Mapped URL path [/v2/api-docs] onto method [springfox.documentation.swagger2.web.Swagger2Controller#getDocumentation(String, HttpServletRequest)]
2021-07-15 15:15:11.471 [main] INFO  o.s.scheduling.concurrent.ThreadPoolTaskExecutor - Initializing ExecutorService 'applicationTaskExecutor'
2021-07-15 15:15:11.807 [main] INFO  org.apache.coyote.http11.Http11NioProtocol - Starting ProtocolHandler ["http-nio-8001"]
2021-07-15 15:15:11.823 [main] INFO  o.s.boot.web.embedded.tomcat.TomcatWebServer - Tomcat started on port(s): 8001 (http) with context path ''
2021-07-15 15:15:11.823 [main] INFO  s.d.s.web.plugins.DocumentationPluginsBootstrapper - Context refreshed
2021-07-15 15:15:11.834 [main] INFO  s.d.s.web.plugins.DocumentationPluginsBootstrapper - Found 1 custom documentation plugin(s)
2021-07-15 15:15:11.868 [main] INFO  s.d.spring.web.scanners.ApiListingReferenceScanner - Scanning for api listing references
2021-07-15 15:15:12.036 [main] INFO  com.atguigu.eduservice.EduApplication - Started EduApplication in 3.618 seconds (JVM running for 4.466)
2021-07-15 15:15:15.569 [http-nio-8001-exec-1] INFO  o.a.c.core.ContainerBase.[Tomcat].[localhost].[/] - Initializing Spring DispatcherServlet 'dispatcherServlet'
2021-07-15 15:15:15.569 [http-nio-8001-exec-1] INFO  org.springframework.web.servlet.DispatcherServlet - Initializing Servlet 'dispatcherServlet'
2021-07-15 15:15:15.576 [http-nio-8001-exec-1] INFO  org.springframework.web.servlet.DispatcherServlet - Completed initialization in 7 ms
2021-07-15 15:17:32.562 [main] INFO  com.atguigu.eduservice.EduApplication - Starting EduApplication on 张帅 with PID 15948 (E:\myProject\Java\guli_parent\service\service-edu\target\classes started by 张帅 in E:\myProject\Java\guli_parent)
2021-07-15 15:17:32.567 [main] INFO  com.atguigu.eduservice.EduApplication - The following profiles are active: dev
2021-07-15 15:17:33.396 [main] INFO  o.s.d.r.config.RepositoryConfigurationDelegate - Multiple Spring Data modules found, entering strict repository configuration mode!
2021-07-15 15:17:33.398 [main] INFO  o.s.d.r.config.RepositoryConfigurationDelegate - Bootstrapping Spring Data Redis repositories in DEFAULT mode.
2021-07-15 15:17:33.424 [main] INFO  o.s.d.r.config.RepositoryConfigurationDelegate - Finished Spring Data repository scanning in 16ms. Found 0 Redis repository interfaces.
2021-07-15 15:17:33.795 [main] INFO  o.s.boot.web.embedded.tomcat.TomcatWebServer - Tomcat initialized with port(s): 8001 (http)
2021-07-15 15:17:33.802 [main] INFO  org.apache.coyote.http11.Http11NioProtocol - Initializing ProtocolHandler ["http-nio-8001"]
2021-07-15 15:17:33.803 [main] INFO  org.apache.catalina.core.StandardService - Starting service [Tomcat]
2021-07-15 15:17:33.803 [main] INFO  org.apache.catalina.core.StandardEngine - Starting Servlet engine: [Apache Tomcat/9.0.38]
2021-07-15 15:17:33.892 [main] INFO  o.a.c.core.ContainerBase.[Tomcat].[localhost].[/] - Initializing Spring embedded WebApplicationContext
2021-07-15 15:17:33.893 [main] INFO  o.s.b.w.s.c.ServletWebServerApplicationContext - Root WebApplicationContext: initialization completed in 1276 ms
2021-07-15 15:17:34.042 [main] INFO  com.zaxxer.hikari.HikariDataSource - HikariPool-1 - Starting...
2021-07-15 15:17:34.621 [main] INFO  com.zaxxer.hikari.HikariDataSource - HikariPool-1 - Start completed.
2021-07-15 15:17:35.192 [main] INFO  s.d.s.w.PropertySourcedRequestMappingHandlerMapping - Mapped URL path [/v2/api-docs] onto method [springfox.documentation.swagger2.web.Swagger2Controller#getDocumentation(String, HttpServletRequest)]
2021-07-15 15:17:35.260 [main] INFO  o.s.scheduling.concurrent.ThreadPoolTaskExecutor - Initializing ExecutorService 'applicationTaskExecutor'
2021-07-15 15:17:35.609 [main] INFO  org.apache.coyote.http11.Http11NioProtocol - Starting ProtocolHandler ["http-nio-8001"]
2021-07-15 15:17:35.624 [main] INFO  o.s.boot.web.embedded.tomcat.TomcatWebServer - Tomcat started on port(s): 8001 (http) with context path ''
2021-07-15 15:17:35.625 [main] INFO  s.d.s.web.plugins.DocumentationPluginsBootstrapper - Context refreshed
2021-07-15 15:17:35.637 [main] INFO  s.d.s.web.plugins.DocumentationPluginsBootstrapper - Found 1 custom documentation plugin(s)
2021-07-15 15:17:35.663 [main] INFO  s.d.spring.web.scanners.ApiListingReferenceScanner - Scanning for api listing references
2021-07-15 15:17:35.834 [main] INFO  com.atguigu.eduservice.EduApplication - Started EduApplication in 3.638 seconds (JVM running for 4.457)
2021-07-15 15:17:57.413 [http-nio-8001-exec-1] INFO  o.a.c.core.ContainerBase.[Tomcat].[localhost].[/] - Initializing Spring DispatcherServlet 'dispatcherServlet'
2021-07-15 15:17:57.414 [http-nio-8001-exec-1] INFO  org.springframework.web.servlet.DispatcherServlet - Initializing Servlet 'dispatcherServlet'
2021-07-15 15:17:57.422 [http-nio-8001-exec-1] INFO  org.springframework.web.servlet.DispatcherServlet - Completed initialization in 8 ms
2021-07-15 15:30:13.968 [main] INFO  com.atguigu.eduservice.EduApplication - Starting EduApplication on 张帅 with PID 3084 (E:\myProject\Java\guli_parent\service\service-edu\target\classes started by 张帅 in E:\myProject\Java\guli_parent)
2021-07-15 15:30:13.973 [main] INFO  com.atguigu.eduservice.EduApplication - The following profiles are active: dev
2021-07-15 15:30:14.825 [main] INFO  o.s.d.r.config.RepositoryConfigurationDelegate - Multiple Spring Data modules found, entering strict repository configuration mode!
2021-07-15 15:30:14.826 [main] INFO  o.s.d.r.config.RepositoryConfigurationDelegate - Bootstrapping Spring Data Redis repositories in DEFAULT mode.
2021-07-15 15:30:14.855 [main] INFO  o.s.d.r.config.RepositoryConfigurationDelegate - Finished Spring Data repository scanning in 17ms. Found 0 Redis repository interfaces.
2021-07-15 15:30:15.216 [main] INFO  o.s.boot.web.embedded.tomcat.TomcatWebServer - Tomcat initialized with port(s): 8001 (http)
2021-07-15 15:30:15.223 [main] INFO  org.apache.coyote.http11.Http11NioProtocol - Initializing ProtocolHandler ["http-nio-8001"]
2021-07-15 15:30:15.224 [main] INFO  org.apache.catalina.core.StandardService - Starting service [Tomcat]
2021-07-15 15:30:15.224 [main] INFO  org.apache.catalina.core.StandardEngine - Starting Servlet engine: [Apache Tomcat/9.0.38]
2021-07-15 15:30:15.312 [main] INFO  o.a.c.core.ContainerBase.[Tomcat].[localhost].[/] - Initializing Spring embedded WebApplicationContext
2021-07-15 15:30:15.313 [main] INFO  o.s.b.w.s.c.ServletWebServerApplicationContext - Root WebApplicationContext: initialization completed in 1279 ms
2021-07-15 15:30:15.461 [main] INFO  com.zaxxer.hikari.HikariDataSource - HikariPool-1 - Starting...
2021-07-15 15:30:16.056 [main] INFO  com.zaxxer.hikari.HikariDataSource - HikariPool-1 - Start completed.
2021-07-15 15:30:16.628 [main] INFO  s.d.s.w.PropertySourcedRequestMappingHandlerMapping - Mapped URL path [/v2/api-docs] onto method [springfox.documentation.swagger2.web.Swagger2Controller#getDocumentation(String, HttpServletRequest)]
2021-07-15 15:30:16.695 [main] INFO  o.s.scheduling.concurrent.ThreadPoolTaskExecutor - Initializing ExecutorService 'applicationTaskExecutor'
2021-07-15 15:30:17.048 [main] INFO  org.apache.coyote.http11.Http11NioProtocol - Starting ProtocolHandler ["http-nio-8001"]
2021-07-15 15:30:17.063 [main] INFO  o.s.boot.web.embedded.tomcat.TomcatWebServer - Tomcat started on port(s): 8001 (http) with context path ''
2021-07-15 15:30:17.064 [main] INFO  s.d.s.web.plugins.DocumentationPluginsBootstrapper - Context refreshed
2021-07-15 15:30:17.075 [main] INFO  s.d.s.web.plugins.DocumentationPluginsBootstrapper - Found 1 custom documentation plugin(s)
2021-07-15 15:30:17.101 [main] INFO  s.d.spring.web.scanners.ApiListingReferenceScanner - Scanning for api listing references
2021-07-15 15:30:17.266 [main] INFO  com.atguigu.eduservice.EduApplication - Started EduApplication in 3.661 seconds (JVM running for 4.488)
2021-07-15 15:32:41.226 [http-nio-8001-exec-1] INFO  o.a.c.core.ContainerBase.[Tomcat].[localhost].[/] - Initializing Spring DispatcherServlet 'dispatcherServlet'
2021-07-15 15:32:41.226 [http-nio-8001-exec-1] INFO  org.springframework.web.servlet.DispatcherServlet - Initializing Servlet 'dispatcherServlet'
2021-07-15 15:32:41.232 [http-nio-8001-exec-1] INFO  org.springframework.web.servlet.DispatcherServlet - Completed initialization in 6 ms
2021-07-15 15:53:14.343 [main] INFO  com.atguigu.eduservice.EduApplication - Starting EduApplication on 张帅 with PID 15388 (E:\myProject\Java\guli_parent\service\service-edu\target\classes started by 张帅 in E:\myProject\Java\guli_parent)
2021-07-15 15:53:14.346 [main] INFO  com.atguigu.eduservice.EduApplication - The following profiles are active: dev
2021-07-15 15:53:15.192 [main] INFO  o.s.d.r.config.RepositoryConfigurationDelegate - Multiple Spring Data modules found, entering strict repository configuration mode!
2021-07-15 15:53:15.194 [main] INFO  o.s.d.r.config.RepositoryConfigurationDelegate - Bootstrapping Spring Data Redis repositories in DEFAULT mode.
2021-07-15 15:53:15.224 [main] INFO  o.s.d.r.config.RepositoryConfigurationDelegate - Finished Spring Data repository scanning in 18ms. Found 0 Redis repository interfaces.
2021-07-15 15:53:15.582 [main] INFO  o.s.boot.web.embedded.tomcat.TomcatWebServer - Tomcat initialized with port(s): 8001 (http)
2021-07-15 15:53:15.589 [main] INFO  org.apache.coyote.http11.Http11NioProtocol - Initializing ProtocolHandler ["http-nio-8001"]
2021-07-15 15:53:15.589 [main] INFO  org.apache.catalina.core.StandardService - Starting service [Tomcat]
2021-07-15 15:53:15.590 [main] INFO  org.apache.catalina.core.StandardEngine - Starting Servlet engine: [Apache Tomcat/9.0.38]
2021-07-15 15:53:15.679 [main] INFO  o.a.c.core.ContainerBase.[Tomcat].[localhost].[/] - Initializing Spring embedded WebApplicationContext
2021-07-15 15:53:15.679 [main] INFO  o.s.b.w.s.c.ServletWebServerApplicationContext - Root WebApplicationContext: initialization completed in 1282 ms
2021-07-15 15:53:15.822 [main] INFO  com.zaxxer.hikari.HikariDataSource - HikariPool-1 - Starting...
2021-07-15 15:53:16.400 [main] INFO  com.zaxxer.hikari.HikariDataSource - HikariPool-1 - Start completed.
2021-07-15 15:53:16.983 [main] INFO  s.d.s.w.PropertySourcedRequestMappingHandlerMapping - Mapped URL path [/v2/api-docs] onto method [springfox.documentation.swagger2.web.Swagger2Controller#getDocumentation(String, HttpServletRequest)]
2021-07-15 15:53:17.049 [main] INFO  o.s.scheduling.concurrent.ThreadPoolTaskExecutor - Initializing ExecutorService 'applicationTaskExecutor'
2021-07-15 15:53:17.387 [main] INFO  org.apache.coyote.http11.Http11NioProtocol - Starting ProtocolHandler ["http-nio-8001"]
2021-07-15 15:53:17.402 [main] INFO  o.s.boot.web.embedded.tomcat.TomcatWebServer - Tomcat started on port(s): 8001 (http) with context path ''
2021-07-15 15:53:17.403 [main] INFO  s.d.s.web.plugins.DocumentationPluginsBootstrapper - Context refreshed
2021-07-15 15:53:17.414 [main] INFO  s.d.s.web.plugins.DocumentationPluginsBootstrapper - Found 1 custom documentation plugin(s)
2021-07-15 15:53:17.438 [main] INFO  s.d.spring.web.scanners.ApiListingReferenceScanner - Scanning for api listing references
2021-07-15 15:53:17.614 [main] INFO  com.atguigu.eduservice.EduApplication - Started EduApplication in 3.615 seconds (JVM running for 4.415)
2021-07-15 15:53:26.225 [http-nio-8001-exec-1] INFO  o.a.c.core.ContainerBase.[Tomcat].[localhost].[/] - Initializing Spring DispatcherServlet 'dispatcherServlet'
2021-07-15 15:53:26.226 [http-nio-8001-exec-1] INFO  org.springframework.web.servlet.DispatcherServlet - Initializing Servlet 'dispatcherServlet'
2021-07-15 15:53:26.232 [http-nio-8001-exec-1] INFO  org.springframework.web.servlet.DispatcherServlet - Completed initialization in 6 ms
2021-07-15 15:56:48.551 [main] INFO  com.atguigu.eduservice.EduApplication - Starting EduApplication on 张帅 with PID 2508 (E:\myProject\Java\guli_parent\service\service-edu\target\classes started by 张帅 in E:\myProject\Java\guli_parent)
2021-07-15 15:56:48.554 [main] INFO  com.atguigu.eduservice.EduApplication - The following profiles are active: dev
2021-07-15 15:56:49.358 [main] INFO  o.s.d.r.config.RepositoryConfigurationDelegate - Multiple Spring Data modules found, entering strict repository configuration mode!
2021-07-15 15:56:49.360 [main] INFO  o.s.d.r.config.RepositoryConfigurationDelegate - Bootstrapping Spring Data Redis repositories in DEFAULT mode.
2021-07-15 15:56:49.386 [main] INFO  o.s.d.r.config.RepositoryConfigurationDelegate - Finished Spring Data repository scanning in 15ms. Found 0 Redis repository interfaces.
2021-07-15 15:56:49.740 [main] INFO  o.s.boot.web.embedded.tomcat.TomcatWebServer - Tomcat initialized with port(s): 8001 (http)
2021-07-15 15:56:49.747 [main] INFO  org.apache.coyote.http11.Http11NioProtocol - Initializing ProtocolHandler ["http-nio-8001"]
2021-07-15 15:56:49.748 [main] INFO  org.apache.catalina.core.StandardService - Starting service [Tomcat]
2021-07-15 15:56:49.748 [main] INFO  org.apache.catalina.core.StandardEngine - Starting Servlet engine: [Apache Tomcat/9.0.38]
2021-07-15 15:56:49.836 [main] INFO  o.a.c.core.ContainerBase.[Tomcat].[localhost].[/] - Initializing Spring embedded WebApplicationContext
2021-07-15 15:56:49.837 [main] INFO  o.s.b.w.s.c.ServletWebServerApplicationContext - Root WebApplicationContext: initialization completed in 1241 ms
2021-07-15 15:56:49.985 [main] INFO  com.zaxxer.hikari.HikariDataSource - HikariPool-1 - Starting...
2021-07-15 15:56:50.555 [main] INFO  com.zaxxer.hikari.HikariDataSource - HikariPool-1 - Start completed.
2021-07-15 15:56:51.139 [main] INFO  s.d.s.w.PropertySourcedRequestMappingHandlerMapping - Mapped URL path [/v2/api-docs] onto method [springfox.documentation.swagger2.web.Swagger2Controller#getDocumentation(String, HttpServletRequest)]
2021-07-15 15:56:51.207 [main] INFO  o.s.scheduling.concurrent.ThreadPoolTaskExecutor - Initializing ExecutorService 'applicationTaskExecutor'
2021-07-15 15:56:51.543 [main] INFO  org.apache.coyote.http11.Http11NioProtocol - Starting ProtocolHandler ["http-nio-8001"]
2021-07-15 15:56:51.559 [main] INFO  o.s.boot.web.embedded.tomcat.TomcatWebServer - Tomcat started on port(s): 8001 (http) with context path ''
2021-07-15 15:56:51.560 [main] INFO  s.d.s.web.plugins.DocumentationPluginsBootstrapper - Context refreshed
2021-07-15 15:56:51.571 [main] INFO  s.d.s.web.plugins.DocumentationPluginsBootstrapper - Found 1 custom documentation plugin(s)
2021-07-15 15:56:51.596 [main] INFO  s.d.spring.web.scanners.ApiListingReferenceScanner - Scanning for api listing references
2021-07-15 15:56:51.773 [main] INFO  com.atguigu.eduservice.EduApplication - Started EduApplication in 3.573 seconds (JVM running for 4.383)
2021-07-15 15:56:57.212 [http-nio-8001-exec-1] INFO  o.a.c.core.ContainerBase.[Tomcat].[localhost].[/] - Initializing Spring DispatcherServlet 'dispatcherServlet'
2021-07-15 15:56:57.213 [http-nio-8001-exec-1] INFO  org.springframework.web.servlet.DispatcherServlet - Initializing Servlet 'dispatcherServlet'
2021-07-15 15:56:57.218 [http-nio-8001-exec-1] INFO  org.springframework.web.servlet.DispatcherServlet - Completed initialization in 5 ms
2021-07-15 19:21:09.836 [main] INFO  com.atguigu.serviceVod.VodApplication - Starting VodApplication on 张帅 with PID 3460 (E:\myProject\Java\guli_parent\service\service-vod\target\classes started by 张帅 in E:\myProject\Java\guli_parent)
2021-07-15 19:21:09.842 [main] INFO  com.atguigu.serviceVod.VodApplication - The following profiles are active: dev
2021-07-15 19:21:10.617 [main] INFO  o.s.d.r.config.RepositoryConfigurationDelegate - Multiple Spring Data modules found, entering strict repository configuration mode!
2021-07-15 19:21:10.619 [main] INFO  o.s.d.r.config.RepositoryConfigurationDelegate - Bootstrapping Spring Data Redis repositories in DEFAULT mode.
2021-07-15 19:21:10.644 [main] INFO  o.s.d.r.config.RepositoryConfigurationDelegate - Finished Spring Data repository scanning in 14ms. Found 0 Redis repository interfaces.
2021-07-15 19:21:11.094 [main] INFO  o.s.boot.web.embedded.tomcat.TomcatWebServer - Tomcat initialized with port(s): 8003 (http)
2021-07-15 19:21:11.101 [main] INFO  org.apache.coyote.http11.Http11NioProtocol - Initializing ProtocolHandler ["http-nio-8003"]
2021-07-15 19:21:11.102 [main] INFO  org.apache.catalina.core.StandardService - Starting service [Tomcat]
2021-07-15 19:21:11.102 [main] INFO  org.apache.catalina.core.StandardEngine - Starting Servlet engine: [Apache Tomcat/9.0.38]
2021-07-15 19:21:11.199 [main] INFO  o.a.c.core.ContainerBase.[Tomcat].[localhost].[/] - Initializing Spring embedded WebApplicationContext
2021-07-15 19:21:11.199 [main] INFO  o.s.b.w.s.c.ServletWebServerApplicationContext - Root WebApplicationContext: initialization completed in 1310 ms
2021-07-15 19:21:11.479 [main] INFO  s.d.s.w.PropertySourcedRequestMappingHandlerMapping - Mapped URL path [/v2/api-docs] onto method [springfox.documentation.swagger2.web.Swagger2Controller#getDocumentation(String, HttpServletRequest)]
2021-07-15 19:21:11.551 [main] INFO  o.s.scheduling.concurrent.ThreadPoolTaskExecutor - Initializing ExecutorService 'applicationTaskExecutor'
2021-07-15 19:21:11.955 [main] INFO  org.apache.coyote.http11.Http11NioProtocol - Starting ProtocolHandler ["http-nio-8003"]
2021-07-15 19:21:11.971 [main] INFO  o.s.boot.web.embedded.tomcat.TomcatWebServer - Tomcat started on port(s): 8003 (http) with context path ''
2021-07-15 19:21:11.971 [main] INFO  s.d.s.web.plugins.DocumentationPluginsBootstrapper - Context refreshed
2021-07-15 19:21:11.984 [main] INFO  s.d.s.web.plugins.DocumentationPluginsBootstrapper - Found 1 custom documentation plugin(s)
2021-07-15 19:21:12.010 [main] INFO  s.d.spring.web.scanners.ApiListingReferenceScanner - Scanning for api listing references
2021-07-15 19:21:12.102 [main] INFO  com.atguigu.serviceVod.VodApplication - Started VodApplication in 2.661 seconds (JVM running for 3.583)
2021-07-15 19:22:27.190 [http-nio-8003-exec-1] INFO  o.a.c.core.ContainerBase.[Tomcat].[localhost].[/] - Initializing Spring DispatcherServlet 'dispatcherServlet'
2021-07-15 19:22:27.190 [http-nio-8003-exec-1] INFO  org.springframework.web.servlet.DispatcherServlet - Initializing Servlet 'dispatcherServlet'
2021-07-15 19:22:27.194 [http-nio-8003-exec-1] INFO  org.springframework.web.servlet.DispatcherServlet - Completed initialization in 4 ms
2021-07-15 19:29:57.900 [main] INFO  com.atguigu.serviceVod.VodApplication - Starting VodApplication on 张帅 with PID 3412 (E:\myProject\Java\guli_parent\service\service-vod\target\classes started by 张帅 in E:\myProject\Java\guli_parent)
2021-07-15 19:29:57.903 [main] INFO  com.atguigu.serviceVod.VodApplication - The following profiles are active: dev
2021-07-15 19:29:58.636 [main] INFO  o.s.d.r.config.RepositoryConfigurationDelegate - Multiple Spring Data modules found, entering strict repository configuration mode!
2021-07-15 19:29:58.640 [main] INFO  o.s.d.r.config.RepositoryConfigurationDelegate - Bootstrapping Spring Data Redis repositories in DEFAULT mode.
2021-07-15 19:29:58.672 [main] INFO  o.s.d.r.config.RepositoryConfigurationDelegate - Finished Spring Data repository scanning in 16ms. Found 0 Redis repository interfaces.
2021-07-15 19:29:59.070 [main] INFO  o.s.boot.web.embedded.tomcat.TomcatWebServer - Tomcat initialized with port(s): 8003 (http)
2021-07-15 19:29:59.078 [main] INFO  org.apache.coyote.http11.Http11NioProtocol - Initializing ProtocolHandler ["http-nio-8003"]
2021-07-15 19:29:59.078 [main] INFO  org.apache.catalina.core.StandardService - Starting service [Tomcat]
2021-07-15 19:29:59.078 [main] INFO  org.apache.catalina.core.StandardEngine - Starting Servlet engine: [Apache Tomcat/9.0.38]
2021-07-15 19:29:59.165 [main] INFO  o.a.c.core.ContainerBase.[Tomcat].[localhost].[/] - Initializing Spring embedded WebApplicationContext
2021-07-15 19:29:59.165 [main] INFO  o.s.b.w.s.c.ServletWebServerApplicationContext - Root WebApplicationContext: initialization completed in 1219 ms
2021-07-15 19:29:59.437 [main] INFO  s.d.s.w.PropertySourcedRequestMappingHandlerMapping - Mapped URL path [/v2/api-docs] onto method [springfox.documentation.swagger2.web.Swagger2Controller#getDocumentation(String, HttpServletRequest)]
2021-07-15 19:29:59.509 [main] INFO  o.s.scheduling.concurrent.ThreadPoolTaskExecutor - Initializing ExecutorService 'applicationTaskExecutor'
2021-07-15 19:29:59.901 [main] INFO  org.apache.coyote.http11.Http11NioProtocol - Starting ProtocolHandler ["http-nio-8003"]
2021-07-15 19:29:59.916 [main] INFO  o.s.boot.web.embedded.tomcat.TomcatWebServer - Tomcat started on port(s): 8003 (http) with context path ''
2021-07-15 19:29:59.917 [main] INFO  s.d.s.web.plugins.DocumentationPluginsBootstrapper - Context refreshed
2021-07-15 19:29:59.930 [main] INFO  s.d.s.web.plugins.DocumentationPluginsBootstrapper - Found 1 custom documentation plugin(s)
2021-07-15 19:29:59.957 [main] INFO  s.d.spring.web.scanners.ApiListingReferenceScanner - Scanning for api listing references
2021-07-15 19:30:00.046 [main] INFO  com.atguigu.serviceVod.VodApplication - Started VodApplication in 2.474 seconds (JVM running for 3.346)
2021-07-15 19:30:01.599 [http-nio-8003-exec-2] INFO  o.a.c.core.ContainerBase.[Tomcat].[localhost].[/] - Initializing Spring DispatcherServlet 'dispatcherServlet'
2021-07-15 19:30:01.599 [http-nio-8003-exec-2] INFO  org.springframework.web.servlet.DispatcherServlet - Initializing Servlet 'dispatcherServlet'
2021-07-15 19:30:01.603 [http-nio-8003-exec-2] INFO  org.springframework.web.servlet.DispatcherServlet - Completed initialization in 4 ms
2021-07-15 19:35:07.163 [main] INFO  com.atguigu.serviceVod.VodApplication - Starting VodApplication on 张帅 with PID 4104 (E:\myProject\Java\guli_parent\service\service-vod\target\classes started by 张帅 in E:\myProject\Java\guli_parent)
2021-07-15 19:35:07.165 [main] INFO  com.atguigu.serviceVod.VodApplication - The following profiles are active: dev
2021-07-15 19:35:07.924 [main] INFO  o.s.d.r.config.RepositoryConfigurationDelegate - Multiple Spring Data modules found, entering strict repository configuration mode!
2021-07-15 19:35:07.926 [main] INFO  o.s.d.r.config.RepositoryConfigurationDelegate - Bootstrapping Spring Data Redis repositories in DEFAULT mode.
2021-07-15 19:35:07.951 [main] INFO  o.s.d.r.config.RepositoryConfigurationDelegate - Finished Spring Data repository scanning in 13ms. Found 0 Redis repository interfaces.
2021-07-15 19:35:08.261 [main] INFO  o.s.boot.web.embedded.tomcat.TomcatWebServer - Tomcat initialized with port(s): 8003 (http)
2021-07-15 19:35:08.269 [main] INFO  org.apache.coyote.http11.Http11NioProtocol - Initializing ProtocolHandler ["http-nio-8003"]
2021-07-15 19:35:08.269 [main] INFO  org.apache.catalina.core.StandardService - Starting service [Tomcat]
2021-07-15 19:35:08.269 [main] INFO  org.apache.catalina.core.StandardEngine - Starting Servlet engine: [Apache Tomcat/9.0.38]
2021-07-15 19:35:08.367 [main] INFO  o.a.c.core.ContainerBase.[Tomcat].[localhost].[/] - Initializing Spring embedded WebApplicationContext
2021-07-15 19:35:08.367 [main] INFO  o.s.b.w.s.c.ServletWebServerApplicationContext - Root WebApplicationContext: initialization completed in 1144 ms
2021-07-15 19:35:08.667 [main] INFO  s.d.s.w.PropertySourcedRequestMappingHandlerMapping - Mapped URL path [/v2/api-docs] onto method [springfox.documentation.swagger2.web.Swagger2Controller#getDocumentation(String, HttpServletRequest)]
2021-07-15 19:35:08.737 [main] INFO  o.s.scheduling.concurrent.ThreadPoolTaskExecutor - Initializing ExecutorService 'applicationTaskExecutor'
2021-07-15 19:35:09.136 [main] INFO  org.apache.coyote.http11.Http11NioProtocol - Starting ProtocolHandler ["http-nio-8003"]
2021-07-15 19:35:09.152 [main] INFO  o.s.boot.web.embedded.tomcat.TomcatWebServer - Tomcat started on port(s): 8003 (http) with context path ''
2021-07-15 19:35:09.153 [main] INFO  s.d.s.web.plugins.DocumentationPluginsBootstrapper - Context refreshed
2021-07-15 19:35:09.165 [main] INFO  s.d.s.web.plugins.DocumentationPluginsBootstrapper - Found 1 custom documentation plugin(s)
2021-07-15 19:35:09.193 [main] INFO  s.d.spring.web.scanners.ApiListingReferenceScanner - Scanning for api listing references
2021-07-15 19:35:09.289 [main] INFO  com.atguigu.serviceVod.VodApplication - Started VodApplication in 2.472 seconds (JVM running for 3.388)
2021-07-15 19:35:14.771 [http-nio-8003-exec-5] INFO  o.a.c.core.ContainerBase.[Tomcat].[localhost].[/] - Initializing Spring DispatcherServlet 'dispatcherServlet'
2021-07-15 19:35:14.772 [http-nio-8003-exec-5] INFO  org.springframework.web.servlet.DispatcherServlet - Initializing Servlet 'dispatcherServlet'
2021-07-15 19:35:14.777 [http-nio-8003-exec-5] INFO  org.springframework.web.servlet.DispatcherServlet - Completed initialization in 5 ms
2021-07-15 19:36:06.236 [main] INFO  com.atguigu.serviceVod.VodApplication - Starting VodApplication on 张帅 with PID 16716 (E:\myProject\Java\guli_parent\service\service-vod\target\classes started by 张帅 in E:\myProject\Java\guli_parent)
2021-07-15 19:36:06.240 [main] INFO  com.atguigu.serviceVod.VodApplication - The following profiles are active: dev
2021-07-15 19:36:07.022 [main] INFO  o.s.d.r.config.RepositoryConfigurationDelegate - Multiple Spring Data modules found, entering strict repository configuration mode!
2021-07-15 19:36:07.024 [main] INFO  o.s.d.r.config.RepositoryConfigurationDelegate - Bootstrapping Spring Data Redis repositories in DEFAULT mode.
2021-07-15 19:36:07.047 [main] INFO  o.s.d.r.config.RepositoryConfigurationDelegate - Finished Spring Data repository scanning in 11ms. Found 0 Redis repository interfaces.
2021-07-15 19:36:07.357 [main] INFO  o.s.boot.web.embedded.tomcat.TomcatWebServer - Tomcat initialized with port(s): 8003 (http)
2021-07-15 19:36:07.364 [main] INFO  org.apache.coyote.http11.Http11NioProtocol - Initializing ProtocolHandler ["http-nio-8003"]
2021-07-15 19:36:07.365 [main] INFO  org.apache.catalina.core.StandardService - Starting service [Tomcat]
2021-07-15 19:36:07.365 [main] INFO  org.apache.catalina.core.StandardEngine - Starting Servlet engine: [Apache Tomcat/9.0.38]
2021-07-15 19:36:07.460 [main] INFO  o.a.c.core.ContainerBase.[Tomcat].[localhost].[/] - Initializing Spring embedded WebApplicationContext
2021-07-15 19:36:07.460 [main] INFO  o.s.b.w.s.c.ServletWebServerApplicationContext - Root WebApplicationContext: initialization completed in 1183 ms
2021-07-15 19:36:07.740 [main] INFO  s.d.s.w.PropertySourcedRequestMappingHandlerMapping - Mapped URL path [/v2/api-docs] onto method [springfox.documentation.swagger2.web.Swagger2Controller#getDocumentation(String, HttpServletRequest)]
2021-07-15 19:36:07.807 [main] INFO  o.s.scheduling.concurrent.ThreadPoolTaskExecutor - Initializing ExecutorService 'applicationTaskExecutor'
2021-07-15 19:36:08.190 [main] INFO  org.apache.coyote.http11.Http11NioProtocol - Starting ProtocolHandler ["http-nio-8003"]
2021-07-15 19:36:08.205 [main] INFO  o.s.boot.web.embedded.tomcat.TomcatWebServer - Tomcat started on port(s): 8003 (http) with context path ''
2021-07-15 19:36:08.206 [main] INFO  s.d.s.web.plugins.DocumentationPluginsBootstrapper - Context refreshed
2021-07-15 19:36:08.218 [main] INFO  s.d.s.web.plugins.DocumentationPluginsBootstrapper - Found 1 custom documentation plugin(s)
2021-07-15 19:36:08.242 [main] INFO  s.d.spring.web.scanners.ApiListingReferenceScanner - Scanning for api listing references
2021-07-15 19:36:08.337 [main] INFO  com.atguigu.serviceVod.VodApplication - Started VodApplication in 2.503 seconds (JVM running for 3.355)
2021-07-15 19:36:10.152 [http-nio-8003-exec-1] INFO  o.a.c.core.ContainerBase.[Tomcat].[localhost].[/] - Initializing Spring DispatcherServlet 'dispatcherServlet'
2021-07-15 19:36:10.152 [http-nio-8003-exec-1] INFO  org.springframework.web.servlet.DispatcherServlet - Initializing Servlet 'dispatcherServlet'
2021-07-15 19:36:10.156 [http-nio-8003-exec-1] INFO  org.springframework.web.servlet.DispatcherServlet - Completed initialization in 4 ms
2021-07-15 19:42:06.474 [main] INFO  com.atguigu.serviceVod.VodApplication - Starting VodApplication on 张帅 with PID 13816 (E:\myProject\Java\guli_parent\service\service-vod\target\classes started by 张帅 in E:\myProject\Java\guli_parent)
2021-07-15 19:42:06.477 [main] INFO  com.atguigu.serviceVod.VodApplication - The following profiles are active: dev
2021-07-15 19:42:07.235 [main] INFO  o.s.d.r.config.RepositoryConfigurationDelegate - Multiple Spring Data modules found, entering strict repository configuration mode!
2021-07-15 19:42:07.236 [main] INFO  o.s.d.r.config.RepositoryConfigurationDelegate - Bootstrapping Spring Data Redis repositories in DEFAULT mode.
2021-07-15 19:42:07.259 [main] INFO  o.s.d.r.config.RepositoryConfigurationDelegate - Finished Spring Data repository scanning in 12ms. Found 0 Redis repository interfaces.
2021-07-15 19:42:07.605 [main] INFO  o.s.boot.web.embedded.tomcat.TomcatWebServer - Tomcat initialized with port(s): 8003 (http)
2021-07-15 19:42:07.613 [main] INFO  org.apache.coyote.http11.Http11NioProtocol - Initializing ProtocolHandler ["http-nio-8003"]
2021-07-15 19:42:07.614 [main] INFO  org.apache.catalina.core.StandardService - Starting service [Tomcat]
2021-07-15 19:42:07.614 [main] INFO  org.apache.catalina.core.StandardEngine - Starting Servlet engine: [Apache Tomcat/9.0.38]
2021-07-15 19:42:07.711 [main] INFO  o.a.c.core.ContainerBase.[Tomcat].[localhost].[/] - Initializing Spring embedded WebApplicationContext
2021-07-15 19:42:07.711 [main] INFO  o.s.b.w.s.c.ServletWebServerApplicationContext - Root WebApplicationContext: initialization completed in 1193 ms
2021-07-15 19:42:07.998 [main] INFO  s.d.s.w.PropertySourcedRequestMappingHandlerMapping - Mapped URL path [/v2/api-docs] onto method [springfox.documentation.swagger2.web.Swagger2Controller#getDocumentation(String, HttpServletRequest)]
2021-07-15 19:42:08.077 [main] INFO  o.s.scheduling.concurrent.ThreadPoolTaskExecutor - Initializing ExecutorService 'applicationTaskExecutor'
2021-07-15 19:42:08.465 [main] INFO  org.apache.coyote.http11.Http11NioProtocol - Starting ProtocolHandler ["http-nio-8003"]
2021-07-15 19:42:08.482 [main] INFO  o.s.boot.web.embedded.tomcat.TomcatWebServer - Tomcat started on port(s): 8003 (http) with context path ''
2021-07-15 19:42:08.482 [main] INFO  s.d.s.web.plugins.DocumentationPluginsBootstrapper - Context refreshed
2021-07-15 19:42:08.495 [main] INFO  s.d.s.web.plugins.DocumentationPluginsBootstrapper - Found 1 custom documentation plugin(s)
2021-07-15 19:42:08.521 [main] INFO  s.d.spring.web.scanners.ApiListingReferenceScanner - Scanning for api listing references
2021-07-15 19:42:08.613 [main] INFO  com.atguigu.serviceVod.VodApplication - Started VodApplication in 2.519 seconds (JVM running for 3.407)
2021-07-15 19:42:11.740 [http-nio-8003-exec-1] INFO  o.a.c.core.ContainerBase.[Tomcat].[localhost].[/] - Initializing Spring DispatcherServlet 'dispatcherServlet'
2021-07-15 19:42:11.740 [http-nio-8003-exec-1] INFO  org.springframework.web.servlet.DispatcherServlet - Initializing Servlet 'dispatcherServlet'
2021-07-15 19:42:11.745 [http-nio-8003-exec-1] INFO  org.springframework.web.servlet.DispatcherServlet - Completed initialization in 5 ms
2021-07-15 19:48:58.317 [main] INFO  com.atguigu.serviceVod.VodApplication - Starting VodApplication on 张帅 with PID 12904 (E:\myProject\Java\guli_parent\service\service-vod\target\classes started by 张帅 in E:\myProject\Java\guli_parent)
2021-07-15 19:48:58.321 [main] INFO  com.atguigu.serviceVod.VodApplication - The following profiles are active: dev
2021-07-15 19:48:59.097 [main] INFO  o.s.d.r.config.RepositoryConfigurationDelegate - Multiple Spring Data modules found, entering strict repository configuration mode!
2021-07-15 19:48:59.099 [main] INFO  o.s.d.r.config.RepositoryConfigurationDelegate - Bootstrapping Spring Data Redis repositories in DEFAULT mode.
2021-07-15 19:48:59.130 [main] INFO  o.s.d.r.config.RepositoryConfigurationDelegate - Finished Spring Data repository scanning in 15ms. Found 0 Redis repository interfaces.
2021-07-15 19:48:59.453 [main] INFO  o.s.boot.web.embedded.tomcat.TomcatWebServer - Tomcat initialized with port(s): 8003 (http)
2021-07-15 19:48:59.460 [main] INFO  org.apache.coyote.http11.Http11NioProtocol - Initializing ProtocolHandler ["http-nio-8003"]
2021-07-15 19:48:59.461 [main] INFO  org.apache.catalina.core.StandardService - Starting service [Tomcat]
2021-07-15 19:48:59.461 [main] INFO  org.apache.catalina.core.StandardEngine - Starting Servlet engine: [Apache Tomcat/9.0.38]
2021-07-15 19:48:59.554 [main] INFO  o.a.c.core.ContainerBase.[Tomcat].[localhost].[/] - Initializing Spring embedded WebApplicationContext
2021-07-15 19:48:59.554 [main] INFO  o.s.b.w.s.c.ServletWebServerApplicationContext - Root WebApplicationContext: initialization completed in 1186 ms
2021-07-15 19:48:59.829 [main] INFO  s.d.s.w.PropertySourcedRequestMappingHandlerMapping - Mapped URL path [/v2/api-docs] onto method [springfox.documentation.swagger2.web.Swagger2Controller#getDocumentation(String, HttpServletRequest)]
2021-07-15 19:48:59.899 [main] INFO  o.s.scheduling.concurrent.ThreadPoolTaskExecutor - Initializing ExecutorService 'applicationTaskExecutor'
2021-07-15 19:49:00.285 [main] INFO  org.apache.coyote.http11.Http11NioProtocol - Starting ProtocolHandler ["http-nio-8003"]
2021-07-15 19:49:00.300 [main] INFO  o.s.boot.web.embedded.tomcat.TomcatWebServer - Tomcat started on port(s): 8003 (http) with context path ''
2021-07-15 19:49:00.301 [main] INFO  s.d.s.web.plugins.DocumentationPluginsBootstrapper - Context refreshed
2021-07-15 19:49:00.313 [main] INFO  s.d.s.web.plugins.DocumentationPluginsBootstrapper - Found 1 custom documentation plugin(s)
2021-07-15 19:49:00.339 [main] INFO  s.d.spring.web.scanners.ApiListingReferenceScanner - Scanning for api listing references
2021-07-15 19:49:00.430 [main] INFO  com.atguigu.serviceVod.VodApplication - Started VodApplication in 2.506 seconds (JVM running for 3.429)
2021-07-15 19:49:03.324 [http-nio-8003-exec-1] INFO  o.a.c.core.ContainerBase.[Tomcat].[localhost].[/] - Initializing Spring DispatcherServlet 'dispatcherServlet'
2021-07-15 19:49:03.324 [http-nio-8003-exec-1] INFO  org.springframework.web.servlet.DispatcherServlet - Initializing Servlet 'dispatcherServlet'
2021-07-15 19:49:03.328 [http-nio-8003-exec-1] INFO  org.springframework.web.servlet.DispatcherServlet - Completed initialization in 4 ms
2021-07-15 19:53:29.071 [main] INFO  com.atguigu.serviceVod.VodApplication - Starting VodApplication on 张帅 with PID 17416 (E:\myProject\Java\guli_parent\service\service-vod\target\classes started by 张帅 in E:\myProject\Java\guli_parent)
2021-07-15 19:53:29.077 [main] INFO  com.atguigu.serviceVod.VodApplication - The following profiles are active: dev
2021-07-15 19:53:29.870 [main] INFO  o.s.d.r.config.RepositoryConfigurationDelegate - Multiple Spring Data modules found, entering strict repository configuration mode!
2021-07-15 19:53:29.872 [main] INFO  o.s.d.r.config.RepositoryConfigurationDelegate - Bootstrapping Spring Data Redis repositories in DEFAULT mode.
2021-07-15 19:53:29.897 [main] INFO  o.s.d.r.config.RepositoryConfigurationDelegate - Finished Spring Data repository scanning in 13ms. Found 0 Redis repository interfaces.
2021-07-15 19:53:30.228 [main] INFO  o.s.boot.web.embedded.tomcat.TomcatWebServer - Tomcat initialized with port(s): 8003 (http)
2021-07-15 19:53:30.235 [main] INFO  org.apache.coyote.http11.Http11NioProtocol - Initializing ProtocolHandler ["http-nio-8003"]
2021-07-15 19:53:30.236 [main] INFO  org.apache.catalina.core.StandardService - Starting service [Tomcat]
2021-07-15 19:53:30.236 [main] INFO  org.apache.catalina.core.StandardEngine - Starting Servlet engine: [Apache Tomcat/9.0.38]
2021-07-15 19:53:30.322 [main] INFO  o.a.c.core.ContainerBase.[Tomcat].[localhost].[/] - Initializing Spring embedded WebApplicationContext
2021-07-15 19:53:30.322 [main] INFO  o.s.b.w.s.c.ServletWebServerApplicationContext - Root WebApplicationContext: initialization completed in 1190 ms
2021-07-15 19:53:30.594 [main] INFO  s.d.s.w.PropertySourcedRequestMappingHandlerMapping - Mapped URL path [/v2/api-docs] onto method [springfox.documentation.swagger2.web.Swagger2Controller#getDocumentation(String, HttpServletRequest)]
2021-07-15 19:53:30.663 [main] INFO  o.s.scheduling.concurrent.ThreadPoolTaskExecutor - Initializing ExecutorService 'applicationTaskExecutor'
2021-07-15 19:53:31.055 [main] INFO  org.apache.coyote.http11.Http11NioProtocol - Starting ProtocolHandler ["http-nio-8003"]
2021-07-15 19:53:31.072 [main] INFO  o.s.boot.web.embedded.tomcat.TomcatWebServer - Tomcat started on port(s): 8003 (http) with context path ''
2021-07-15 19:53:31.073 [main] INFO  s.d.s.web.plugins.DocumentationPluginsBootstrapper - Context refreshed
2021-07-15 19:53:31.085 [main] INFO  s.d.s.web.plugins.DocumentationPluginsBootstrapper - Found 1 custom documentation plugin(s)
2021-07-15 19:53:31.113 [main] INFO  s.d.spring.web.scanners.ApiListingReferenceScanner - Scanning for api listing references
2021-07-15 19:53:31.208 [main] INFO  com.atguigu.serviceVod.VodApplication - Started VodApplication in 2.495 seconds (JVM running for 3.325)
2021-07-15 19:53:36.795 [main] INFO  com.atguigu.serviceVod.VodApplication - Starting VodApplication on 张帅 with PID 14232 (E:\myProject\Java\guli_parent\service\service-vod\target\classes started by 张帅 in E:\myProject\Java\guli_parent)
2021-07-15 19:53:36.798 [main] INFO  com.atguigu.serviceVod.VodApplication - The following profiles are active: dev
2021-07-15 19:53:37.550 [main] INFO  o.s.d.r.config.RepositoryConfigurationDelegate - Multiple Spring Data modules found, entering strict repository configuration mode!
2021-07-15 19:53:37.553 [main] INFO  o.s.d.r.config.RepositoryConfigurationDelegate - Bootstrapping Spring Data Redis repositories in DEFAULT mode.
2021-07-15 19:53:37.580 [main] INFO  o.s.d.r.config.RepositoryConfigurationDelegate - Finished Spring Data repository scanning in 14ms. Found 0 Redis repository interfaces.
2021-07-15 19:53:37.887 [main] INFO  o.s.boot.web.embedded.tomcat.TomcatWebServer - Tomcat initialized with port(s): 8003 (http)
2021-07-15 19:53:37.894 [main] INFO  org.apache.coyote.http11.Http11NioProtocol - Initializing ProtocolHandler ["http-nio-8003"]
2021-07-15 19:53:37.895 [main] INFO  org.apache.catalina.core.StandardService - Starting service [Tomcat]
2021-07-15 19:53:37.895 [main] INFO  org.apache.catalina.core.StandardEngine - Starting Servlet engine: [Apache Tomcat/9.0.38]
2021-07-15 19:53:37.987 [main] INFO  o.a.c.core.ContainerBase.[Tomcat].[localhost].[/] - Initializing Spring embedded WebApplicationContext
2021-07-15 19:53:37.988 [main] INFO  o.s.b.w.s.c.ServletWebServerApplicationContext - Root WebApplicationContext: initialization completed in 1144 ms
2021-07-15 19:53:38.254 [main] INFO  s.d.s.w.PropertySourcedRequestMappingHandlerMapping - Mapped URL path [/v2/api-docs] onto method [springfox.documentation.swagger2.web.Swagger2Controller#getDocumentation(String, HttpServletRequest)]
2021-07-15 19:53:38.322 [main] INFO  o.s.scheduling.concurrent.ThreadPoolTaskExecutor - Initializing ExecutorService 'applicationTaskExecutor'
2021-07-15 19:53:38.701 [main] INFO  org.apache.coyote.http11.Http11NioProtocol - Starting ProtocolHandler ["http-nio-8003"]
2021-07-15 19:53:38.717 [main] INFO  o.s.boot.web.embedded.tomcat.TomcatWebServer - Tomcat started on port(s): 8003 (http) with context path ''
2021-07-15 19:53:38.718 [main] INFO  s.d.s.web.plugins.DocumentationPluginsBootstrapper - Context refreshed
2021-07-15 19:53:38.729 [main] INFO  s.d.s.web.plugins.DocumentationPluginsBootstrapper - Found 1 custom documentation plugin(s)
2021-07-15 19:53:38.754 [main] INFO  s.d.spring.web.scanners.ApiListingReferenceScanner - Scanning for api listing references
2021-07-15 19:53:38.844 [main] INFO  com.atguigu.serviceVod.VodApplication - Started VodApplication in 2.431 seconds (JVM running for 3.322)
2021-07-15 19:53:46.902 [http-nio-8003-exec-4] INFO  o.a.c.core.ContainerBase.[Tomcat].[localhost].[/] - Initializing Spring DispatcherServlet 'dispatcherServlet'
2021-07-15 19:53:46.902 [http-nio-8003-exec-4] INFO  org.springframework.web.servlet.DispatcherServlet - Initializing Servlet 'dispatcherServlet'
2021-07-15 19:53:46.906 [http-nio-8003-exec-4] INFO  org.springframework.web.servlet.DispatcherServlet - Completed initialization in 4 ms
2021-07-15 20:41:19.794 [main] INFO  com.atguigu.serviceVod.VodApplication - Starting VodApplication on 张帅 with PID 17576 (E:\myProject\Java\guli_parent\service\service-vod\target\classes started by 张帅 in E:\myProject\Java\guli_parent)
2021-07-15 20:41:19.797 [main] INFO  com.atguigu.serviceVod.VodApplication - The following profiles are active: dev
2021-07-15 20:41:20.631 [main] INFO  o.s.d.r.config.RepositoryConfigurationDelegate - Multiple Spring Data modules found, entering strict repository configuration mode!
2021-07-15 20:41:20.633 [main] INFO  o.s.d.r.config.RepositoryConfigurationDelegate - Bootstrapping Spring Data Redis repositories in DEFAULT mode.
2021-07-15 20:41:20.658 [main] INFO  o.s.d.r.config.RepositoryConfigurationDelegate - Finished Spring Data repository scanning in 12ms. Found 0 Redis repository interfaces.
2021-07-15 20:41:20.971 [main] INFO  o.s.boot.web.embedded.tomcat.TomcatWebServer - Tomcat initialized with port(s): 8003 (http)
2021-07-15 20:41:20.979 [main] INFO  org.apache.coyote.http11.Http11NioProtocol - Initializing ProtocolHandler ["http-nio-8003"]
2021-07-15 20:41:20.979 [main] INFO  org.apache.catalina.core.StandardService - Starting service [Tomcat]
2021-07-15 20:41:20.980 [main] INFO  org.apache.catalina.core.StandardEngine - Starting Servlet engine: [Apache Tomcat/9.0.38]
2021-07-15 20:41:21.075 [main] INFO  o.a.c.core.ContainerBase.[Tomcat].[localhost].[/] - Initializing Spring embedded WebApplicationContext
2021-07-15 20:41:21.075 [main] INFO  o.s.b.w.s.c.ServletWebServerApplicationContext - Root WebApplicationContext: initialization completed in 1228 ms
2021-07-15 20:41:21.354 [main] INFO  s.d.s.w.PropertySourcedRequestMappingHandlerMapping - Mapped URL path [/v2/api-docs] onto method [springfox.documentation.swagger2.web.Swagger2Controller#getDocumentation(String, HttpServletRequest)]
2021-07-15 20:41:21.423 [main] INFO  o.s.scheduling.concurrent.ThreadPoolTaskExecutor - Initializing ExecutorService 'applicationTaskExecutor'
2021-07-15 20:41:21.828 [main] INFO  org.apache.coyote.http11.Http11NioProtocol - Starting ProtocolHandler ["http-nio-8003"]
2021-07-15 20:41:21.843 [main] INFO  o.s.boot.web.embedded.tomcat.TomcatWebServer - Tomcat started on port(s): 8003 (http) with context path ''
2021-07-15 20:41:21.844 [main] INFO  s.d.s.web.plugins.DocumentationPluginsBootstrapper - Context refreshed
2021-07-15 20:41:21.855 [main] INFO  s.d.s.web.plugins.DocumentationPluginsBootstrapper - Found 1 custom documentation plugin(s)
2021-07-15 20:41:21.879 [main] INFO  s.d.spring.web.scanners.ApiListingReferenceScanner - Scanning for api listing references
2021-07-15 20:41:21.969 [main] INFO  com.atguigu.serviceVod.VodApplication - Started VodApplication in 2.527 seconds (JVM running for 3.416)
2021-07-15 20:41:38.727 [http-nio-8003-exec-1] INFO  o.a.c.core.ContainerBase.[Tomcat].[localhost].[/] - Initializing Spring DispatcherServlet 'dispatcherServlet'
2021-07-15 20:41:38.727 [http-nio-8003-exec-1] INFO  org.springframework.web.servlet.DispatcherServlet - Initializing Servlet 'dispatcherServlet'
2021-07-15 20:41:38.731 [http-nio-8003-exec-1] INFO  org.springframework.web.servlet.DispatcherServlet - Completed initialization in 4 ms
2021-07-15 20:45:30.177 [main] INFO  com.atguigu.serviceVod.VodApplication - Starting VodApplication on 张帅 with PID 20140 (E:\myProject\Java\guli_parent\service\service-vod\target\classes started by 张帅 in E:\myProject\Java\guli_parent)
2021-07-15 20:45:30.180 [main] INFO  com.atguigu.serviceVod.VodApplication - The following profiles are active: dev
2021-07-15 20:45:30.939 [main] INFO  o.s.d.r.config.RepositoryConfigurationDelegate - Multiple Spring Data modules found, entering strict repository configuration mode!
2021-07-15 20:45:30.940 [main] INFO  o.s.d.r.config.RepositoryConfigurationDelegate - Bootstrapping Spring Data Redis repositories in DEFAULT mode.
2021-07-15 20:45:30.964 [main] INFO  o.s.d.r.config.RepositoryConfigurationDelegate - Finished Spring Data repository scanning in 12ms. Found 0 Redis repository interfaces.
2021-07-15 20:45:31.274 [main] INFO  o.s.boot.web.embedded.tomcat.TomcatWebServer - Tomcat initialized with port(s): 8003 (http)
2021-07-15 20:45:31.282 [main] INFO  org.apache.coyote.http11.Http11NioProtocol - Initializing ProtocolHandler ["http-nio-8003"]
2021-07-15 20:45:31.282 [main] INFO  org.apache.catalina.core.StandardService - Starting service [Tomcat]
2021-07-15 20:45:31.283 [main] INFO  org.apache.catalina.core.StandardEngine - Starting Servlet engine: [Apache Tomcat/9.0.38]
2021-07-15 20:45:31.377 [main] INFO  o.a.c.core.ContainerBase.[Tomcat].[localhost].[/] - Initializing Spring embedded WebApplicationContext
2021-07-15 20:45:31.378 [main] INFO  o.s.b.w.s.c.ServletWebServerApplicationContext - Root WebApplicationContext: initialization completed in 1129 ms
2021-07-15 20:45:31.649 [main] INFO  s.d.s.w.PropertySourcedRequestMappingHandlerMapping - Mapped URL path [/v2/api-docs] onto method [springfox.documentation.swagger2.web.Swagger2Controller#getDocumentation(String, HttpServletRequest)]
2021-07-15 20:45:31.719 [main] INFO  o.s.scheduling.concurrent.ThreadPoolTaskExecutor - Initializing ExecutorService 'applicationTaskExecutor'
2021-07-15 20:45:32.098 [main] INFO  org.apache.coyote.http11.Http11NioProtocol - Starting ProtocolHandler ["http-nio-8003"]
2021-07-15 20:45:32.114 [main] INFO  o.s.boot.web.embedded.tomcat.TomcatWebServer - Tomcat started on port(s): 8003 (http) with context path ''
2021-07-15 20:45:32.115 [main] INFO  s.d.s.web.plugins.DocumentationPluginsBootstrapper - Context refreshed
2021-07-15 20:45:32.127 [main] INFO  s.d.s.web.plugins.DocumentationPluginsBootstrapper - Found 1 custom documentation plugin(s)
2021-07-15 20:45:32.152 [main] INFO  s.d.spring.web.scanners.ApiListingReferenceScanner - Scanning for api listing references
2021-07-15 20:45:32.242 [main] INFO  com.atguigu.serviceVod.VodApplication - Started VodApplication in 2.412 seconds (JVM running for 3.352)
2021-07-15 20:45:36.932 [http-nio-8003-exec-1] INFO  o.a.c.core.ContainerBase.[Tomcat].[localhost].[/] - Initializing Spring DispatcherServlet 'dispatcherServlet'
2021-07-15 20:45:36.932 [http-nio-8003-exec-1] INFO  org.springframework.web.servlet.DispatcherServlet - Initializing Servlet 'dispatcherServlet'
2021-07-15 20:45:36.937 [http-nio-8003-exec-1] INFO  org.springframework.web.servlet.DispatcherServlet - Completed initialization in 5 ms
